#
# A fatal error has been detected by the Java Runtime Environment:
#
#  EXCEPTION_ACCESS_VIOLATION (0xc0000005) at pc=0x00007ffd68ea1a86, pid=6592, tid=11320
#
# JRE version: OpenJDK Runtime Environment (11.0.12+7) (build 11.0.12+7-b1504.28-7817840)
# Java VM: OpenJDK 64-Bit Server VM (11.0.12+7-b1504.28-7817840, mixed mode, tiered, compressed oops, g1 gc, windows-amd64)
# Problematic frame:
# V  [jvm.dll+0x191a86]
#
# No core dump will be written. Minidumps are not enabled by default on client versions of Windows
#
# If you would like to submit a bug report, please visit:
#   https://bugreport.java.com/bugreport/crash.jsp
#

---------------  S U M M A R Y ------------

Command Line: --add-opens=java.base/java.util=ALL-UNNAMED --add-opens=java.base/java.lang=ALL-UNNAMED --add-opens=java.base/java.lang.invoke=ALL-UNNAMED --add-opens=java.base/java.util=ALL-UNNAMED --add-opens=java.prefs/java.util.prefs=ALL-UNNAMED --add-opens=java.prefs/java.util.prefs=ALL-UNNAMED --add-opens=java.base/java.nio.charset=ALL-UNNAMED --add-opens=java.base/java.net=ALL-UNNAMED --add-opens=java.base/java.util.concurrent.atomic=ALL-UNNAMED -Xmx2048m -Dfile.encoding=UTF-8 -Duser.country=US -Duser.language=en -Duser.variant org.gradle.launcher.daemon.bootstrap.GradleDaemon 7.3.3

Host: Intel(R) Core(TM) i5-8300H CPU @ 2.30GHz, 8 cores, 7G,  Windows 10 , 64 bit Build 19041 (10.0.19041.1889)
Time: Fri Sep  2 23:33:11 2022 India Standard Time elapsed time: 199.114895 seconds (0d 0h 3m 19s)

---------------  T H R E A D  ---------------

Current thread (0x000001b03cc60000):  GCTaskThread "GC Thread#1" [stack: 0x00000007fa500000,0x00000007fa600000] [id=11320]

Stack: [0x00000007fa500000,0x00000007fa600000],  sp=0x00000007fa5ff678,  free space=1021k
Native frames: (J=compiled Java code, j=interpreted, Vv=VM code, C=native code)
V  [jvm.dll+0x191a86]


siginfo: EXCEPTION_ACCESS_VIOLATION (0xc0000005), reading address 0x0000000407a42ac8


Register to memory mapping:

RIP=0x00007ffd68ea1a86 jvm.dll
RAX=0x0000000000000001 is an unknown value
RBX=0x000000008b1c8ddc is pointing into object: [Ljava.util.HashMap$Node; 
{0x000000008b1c8dc8} - klass: 'java/util/HashMap$Node'[]
 - length: 16
RCX=0x000000008b316bb8 is pointing into object: org.gradle.internal.component.external.model.DefaultModuleComponentSelector 
{0x000000008b316ba8} - klass: 'org/gradle/internal/component/external/model/DefaultModuleComponentSelector'
RDX=0x000000008b316bb8 is pointing into object: org.gradle.internal.component.external.model.DefaultModuleComponentSelector 
{0x000000008b316ba8} - klass: 'org/gradle/internal/component/external/model/DefaultModuleComponentSelector'
RSP=0x00000007fa5ff678 points into unknown readable memory: 0x00007ffd6901725c | 5c 72 01 69 fd 7f 00 00
RBP=0x8b316be08b316bc8 is an unknown value
RSI=0x000001b041d438c0 points into unknown readable memory: 0x00007ffd695444e8 | e8 44 54 69 fd 7f 00 00
RDI=0x000001b041d438c0 points into unknown readable memory: 0x00007ffd695444e8 | e8 44 54 69 fd 7f 00 00
R8 =0x000000008b316bb8 is pointing into object: org.gradle.internal.component.external.model.DefaultModuleComponentSelector 
{0x000000008b316ba8} - klass: 'org/gradle/internal/component/external/model/DefaultModuleComponentSelector'
R9 =0x0000000407a42ac0 is an unknown value
R10=0x000000008b316bb8 is pointing into object: org.gradle.internal.component.external.model.DefaultModuleComponentSelector 
{0x000000008b316ba8} - klass: 'org/gradle/internal/component/external/model/DefaultModuleComponentSelector'
R11=0x000001b041d43a30 points into unknown readable memory: 0x00007ffd695444a0 | a0 44 54 69 fd 7f 00 00
R12=0x0 is NULL
R13=0x0000000000000001 is an unknown value
R14=0x000001b01ec4dce0 points into unknown readable memory: 0x000020bd000026e8 | e8 26 00 00 bd 20 00 00
R15=0x000000008b316bb8 is pointing into object: org.gradle.internal.component.external.model.DefaultModuleComponentSelector 
{0x000000008b316ba8} - klass: 'org/gradle/internal/component/external/model/DefaultModuleComponentSelector'


Registers:
RAX=0x0000000000000001, RBX=0x000000008b1c8ddc, RCX=0x000000008b316bb8, RDX=0x000000008b316bb8
RSP=0x00000007fa5ff678, RBP=0x8b316be08b316bc8, RSI=0x000001b041d438c0, RDI=0x000001b041d438c0
R8 =0x000000008b316bb8, R9 =0x0000000407a42ac0, R10=0x000000008b316bb8, R11=0x000001b041d43a30
R12=0x0000000000000000, R13=0x0000000000000001, R14=0x000001b01ec4dce0, R15=0x000000008b316bb8
RIP=0x00007ffd68ea1a86, EFLAGS=0x0000000000010206

Top of Stack: (sp=0x00000007fa5ff678)
0x00000007fa5ff678:   00007ffd6901725c 000000008b016c01
0x00000007fa5ff688:   0000000c9e806f09 000001b041d438c0
0x00000007fa5ff698:   0000000000000009 000001b01ec4dc60
0x00000007fa5ff6a8:   0000000000000000 0000000341d43a30
0x00000007fa5ff6b8:   0000000c9e806f11 0000000000000001
0x00000007fa5ff6c8:   000001b041d438c0 0000000000000040
0x00000007fa5ff6d8:   000001b01ec4dce0 0000000000000000
0x00000007fa5ff6e8:   000001b041d438c0 00000007fa5ff901
0x00000007fa5ff6f8:   00007ffd68fe9052 000001b041d43800
0x00000007fa5ff708:   00007ffd68febf01 000000000000008d
0x00000007fa5ff718:   000000008b1c8ddc 000001b01ec4dc60
0x00000007fa5ff728:   00007ffd690157ab 00000000000026e8
0x00000007fa5ff738:   0000000000002434 00000007fa5ff901
0x00000007fa5ff748:   00007ffd69024576 000000008675219c
0x00000007fa5ff758:   0000000100057ab8 0000000000000000
0x00000007fa5ff768:   00007ffd69305ccf 00000007fa5ff810 

Instructions: (pc=0x00007ffd68ea1a86)
0x00007ffd68ea1986:   48 89 5c 24 20 e8 f0 00 00 00 80 7f 30 00 48 63
0x00007ffd68ea1996:   c8 48 89 4c 24 28 0f 28 44 24 20 74 17 0f 11 86
0x00007ffd68ea19a6:   98 03 00 00 48 8b 5c 24 40 48 8b 74 24 48 48 83
0x00007ffd68ea19b6:   c4 30 5f c3 48 8b 07 48 8d 54 24 20 48 8b cf 66
0x00007ffd68ea19c6:   0f 7f 44 24 20 ff 50 38 48 8b 5c 24 40 48 8b 74
0x00007ffd68ea19d6:   24 48 48 83 c4 30 5f c3 cc cc 40 53 48 83 ec 30
0x00007ffd68ea19e6:   0f 10 82 98 03 00 00 48 8b da 0f 10 c8 66 0f 73
0x00007ffd68ea19f6:   d9 08 66 48 0f 7e c8 48 85 c0 74 28 48 8b 01 48
0x00007ffd68ea1a06:   8d 54 24 20 0f 29 44 24 20 ff 50 40 33 c0 48 89
0x00007ffd68ea1a16:   44 24 20 48 89 44 24 28 0f 10 44 24 20 0f 11 83
0x00007ffd68ea1a26:   98 03 00 00 48 83 c4 30 5b c3 48 8b 49 38 48 8b
0x00007ffd68ea1a36:   01 48 ff 60 28 cc cc cc cc cc 80 3d 91 a6 87 00
0x00007ffd68ea1a46:   00 48 8b c1 74 1b 8b 51 08 8b 0d 83 13 83 00 48
0x00007ffd68ea1a56:   d3 e2 48 8b c8 48 03 15 6e 13 83 00 e9 19 00 00
0x00007ffd68ea1a66:   00 48 8b 51 08 48 8b c8 e9 0d 00 00 00 cc cc cc
0x00007ffd68ea1a76:   cc cc cc cc cc cc cc cc cc cc 4c 8b ca 48 8b d1
0x00007ffd68ea1a86:   45 8b 41 08 45 85 c0 7e 0e 41 f6 c0 01 75 59 41
0x00007ffd68ea1a96:   c1 f8 03 41 8b c0 c3 79 4f 80 3d 32 a6 87 00 00
0x00007ffd68ea1aa6:   b8 0c 00 00 00 b9 10 00 00 00 0f 45 c8 8b 05 ab
0x00007ffd68ea1ab6:   5c 81 00 ff c8 4c 63 c8 48 63 c1 41 8b c8 83 e1
0x00007ffd68ea1ac6:   3f 48 63 14 10 41 8b c0 48 c1 f8 10 0f b6 c0 48
0x00007ffd68ea1ad6:   d3 e2 49 8d 0c 11 49 f7 d1 48 03 c1 49 c1 e9 03
0x00007ffd68ea1ae6:   48 c1 e8 03 41 23 c1 c3 49 8b 01 49 8b c9 48 ff
0x00007ffd68ea1af6:   a0 10 01 00 00 cc cc cc cc cc 48 83 ec 38 0f 10
0x00007ffd68ea1b06:   02 48 8b 49 38 48 8d 54 24 20 0f 29 44 24 20 e8
0x00007ffd68ea1b16:   66 f0 ff ff 48 83 c4 38 c3 cc 48 89 5c 24 08 55
0x00007ffd68ea1b26:   56 57 41 54 41 55 41 56 41 57 48 8d 6c 24 e0 48
0x00007ffd68ea1b36:   81 ec 20 01 00 00 48 8b 05 7d 99 84 00 48 33 c4
0x00007ffd68ea1b46:   48 89 45 10 48 8b 05 ff 0f 87 00 45 33 ed 4c 8b
0x00007ffd68ea1b56:   b5 80 00 00 00 4c 8b fa 48 8b bd 88 00 00 00 4d
0x00007ffd68ea1b66:   8b c6 49 8b d6 49 8b f1 48 8b 48 38 48 8b 59 48
0x00007ffd68ea1b76:   49 8b cf c7 45 c0 ff ff ff ff 44 89 6d d4 4c 89 


Stack slot to memory mapping:
stack at sp + 0 slots: 0x00007ffd6901725c jvm.dll
stack at sp + 1 slots: 0x000000008b016c01 is pointing into object: org.gradle.api.internal.artifacts.result.DefaultResolvedDependencyResult 
{0x000000008b016bf0} - klass: 'org/gradle/api/internal/artifacts/result/DefaultResolvedDependencyResult'
stack at sp + 2 slots: 0x0000000c9e806f09 is an unknown value
stack at sp + 3 slots: 0x000001b041d438c0 points into unknown readable memory: 0x00007ffd695444e8 | e8 44 54 69 fd 7f 00 00
stack at sp + 4 slots: 0x0000000000000009 is an unknown value
stack at sp + 5 slots: 0x000001b01ec4dc60 points into unknown readable memory: 0x00000000000026e8 | e8 26 00 00 00 00 00 00
stack at sp + 6 slots: 0x0 is NULL
stack at sp + 7 slots: 0x0000000341d43a30 is an unknown value


---------------  P R O C E S S  ---------------

Threads class SMR info:
_java_thread_list=0x000001b041992ae0, length=53, elements={
0x000001b020d33800, 0x000001b03b1da000, 0x000001b03b1dd000, 0x000001b03bb54800,
0x000001b03bb56000, 0x000001b03bb58000, 0x000001b03bb5d000, 0x000001b03bb5e800,
0x000001b03bb5f800, 0x000001b03bcae000, 0x000001b03cf52800, 0x000001b03cd73000,
0x000001b03e582800, 0x000001b03cf75000, 0x000001b03cf76000, 0x000001b03cf77800,
0x000001b03e43c800, 0x000001b03e43d800, 0x000001b03e43a800, 0x000001b03e43c000,
0x000001b03e445000, 0x000001b03e449000, 0x000001b03e444000, 0x000001b04344a800,
0x000001b043451000, 0x000001b04344b800, 0x000001b04344d000, 0x000001b043452000,
0x000001b04344d800, 0x000001b042c27000, 0x000001b042c2e000, 0x000001b042c2a000,
0x000001b042c28800, 0x000001b042c2c800, 0x000001b04332d800, 0x000001b043330000,
0x000001b04332c000, 0x000001b04332a000, 0x000001b043330800, 0x000001b043450000,
0x000001b043455000, 0x000001b043328800, 0x000001b043329800, 0x000001b043327000,
0x000001b043325800, 0x000001b043324800, 0x000001b043326000, 0x000001b043327800,
0x000001b04332e800, 0x000001b04332c800, 0x000001b043331800, 0x000001b04332f000,
0x000001b043333000
}

Java Threads: ( => current thread )
  0x000001b020d33800 JavaThread "main" [_thread_blocked, id=12472, stack(0x00000007f9300000,0x00000007f9400000)]
  0x000001b03b1da000 JavaThread "Reference Handler" daemon [_thread_blocked, id=14780, stack(0x00000007f9a00000,0x00000007f9b00000)]
  0x000001b03b1dd000 JavaThread "Finalizer" daemon [_thread_blocked, id=5828, stack(0x00000007f9b00000,0x00000007f9c00000)]
  0x000001b03bb54800 JavaThread "Signal Dispatcher" daemon [_thread_blocked, id=7428, stack(0x00000007f9c00000,0x00000007f9d00000)]
  0x000001b03bb56000 JavaThread "Attach Listener" daemon [_thread_blocked, id=15588, stack(0x00000007f9d00000,0x00000007f9e00000)]
  0x000001b03bb58000 JavaThread "Service Thread" daemon [_thread_blocked, id=18772, stack(0x00000007f9e00000,0x00000007f9f00000)]
  0x000001b03bb5d000 JavaThread "C2 CompilerThread0" daemon [_thread_blocked, id=3468, stack(0x00000007f9f00000,0x00000007fa000000)]
  0x000001b03bb5e800 JavaThread "C1 CompilerThread0" daemon [_thread_blocked, id=16872, stack(0x00000007fa000000,0x00000007fa100000)]
  0x000001b03bb5f800 JavaThread "Sweeper thread" daemon [_thread_blocked, id=18856, stack(0x00000007fa100000,0x00000007fa200000)]
  0x000001b03bcae000 JavaThread "Common-Cleaner" daemon [_thread_blocked, id=10636, stack(0x00000007fa200000,0x00000007fa300000)]
  0x000001b03cf52800 JavaThread "Daemon health stats" [_thread_blocked, id=16936, stack(0x00000007fa800000,0x00000007fa900000)]
  0x000001b03cd73000 JavaThread "Incoming local TCP Connector on port 49838" [_thread_in_native, id=10724, stack(0x00000007fa400000,0x00000007fa500000)]
  0x000001b03e582800 JavaThread "Daemon periodic checks" [_thread_blocked, id=10892, stack(0x00000007fa700000,0x00000007fa800000)]
  0x000001b03cf75000 JavaThread "Cache worker for journal cache (C:\Users\Vishnu ES\.gradle\caches\journal-1)" [_thread_blocked, id=20820, stack(0x00000007fb600000,0x00000007fb700000)]
  0x000001b03cf76000 JavaThread "File lock request listener" [_thread_in_native, id=7208, stack(0x00000007fb700000,0x00000007fb800000)]
  0x000001b03cf77800 JavaThread "Cache worker for file hash cache (C:\Users\Vishnu ES\.gradle\caches\7.3.3\fileHashes)" [_thread_blocked, id=18884, stack(0x00000007fb800000,0x00000007fb900000)]
  0x000001b03e43c800 JavaThread "File watcher server" daemon [_thread_blocked, id=19724, stack(0x00000007fbb00000,0x00000007fbc00000)]
  0x000001b03e43d800 JavaThread "File watcher consumer" daemon [_thread_blocked, id=20344, stack(0x00000007fbc00000,0x00000007fbd00000)]
  0x000001b03e43a800 JavaThread "Cache worker for execution history cache (C:\Users\Vishnu ES\.gradle\caches\7.3.3\executionHistory)" [_thread_blocked, id=12228, stack(0x00000007fc000000,0x00000007fc100000)]
  0x000001b03e43c000 JavaThread "jar transforms" [_thread_blocked, id=11552, stack(0x00000007fc200000,0x00000007fc300000)]
  0x000001b03e445000 JavaThread "Cache worker for file content cache (C:\Users\Vishnu ES\.gradle\caches\7.3.3\fileContent)" [_thread_blocked, id=13308, stack(0x00000007fc300000,0x00000007fc400000)]
  0x000001b03e449000 JavaThread "jar transforms Thread 2" [_thread_blocked, id=7200, stack(0x00000007fc400000,0x00000007fc500000)]
  0x000001b03e444000 JavaThread "jar transforms Thread 3" [_thread_blocked, id=12140, stack(0x00000007fc600000,0x00000007fc700000)]
  0x000001b04344a800 JavaThread "jar transforms Thread 4" [_thread_blocked, id=21268, stack(0x0000000781800000,0x0000000781900000)]
  0x000001b043451000 JavaThread "jar transforms Thread 5" [_thread_blocked, id=2296, stack(0x0000000781900000,0x0000000781a00000)]
  0x000001b04344b800 JavaThread "jar transforms Thread 6" [_thread_blocked, id=16716, stack(0x0000000781a00000,0x0000000781b00000)]
  0x000001b04344d000 JavaThread "jar transforms Thread 7" [_thread_blocked, id=20940, stack(0x0000000781b00000,0x0000000781c00000)]
  0x000001b043452000 JavaThread "jar transforms Thread 8" [_thread_blocked, id=13072, stack(0x0000000781c00000,0x0000000781d00000)]
  0x000001b04344d800 JavaThread "Memory manager" [_thread_blocked, id=6212, stack(0x0000000781f00000,0x0000000782000000)]
  0x000001b042c27000 JavaThread "RMI Scheduler(0)" daemon [_thread_blocked, id=20928, stack(0x0000000781e00000,0x0000000781f00000)]
  0x000001b042c2e000 JavaThread "RMI GC Daemon" daemon [_thread_blocked, id=9356, stack(0x0000000782a00000,0x0000000782b00000)]
  0x000001b042c2a000 JavaThread "RMI TCP Accept-0" daemon [_thread_in_native, id=1492, stack(0x0000000782b00000,0x0000000782c00000)]
  0x000001b042c28800 JavaThread "RMI Reaper" [_thread_blocked, id=16604, stack(0x0000000782c00000,0x0000000782d00000)]
  0x000001b042c2c800 JavaThread "Cache worker for Java compile cache (C:\Users\Vishnu ES\.gradle\caches\7.3.3\javaCompile)" [_thread_blocked, id=14568, stack(0x0000000783200000,0x0000000783300000)]
  0x000001b04332d800 JavaThread "ForkJoinPool.commonPool-worker-3" daemon [_thread_blocked, id=19680, stack(0x0000000782e00000,0x0000000782f00000)]
  0x000001b043330000 JavaThread "ForkJoinPool.commonPool-worker-7" daemon [_thread_blocked, id=12644, stack(0x0000000784100000,0x0000000784200000)]
  0x000001b04332c000 JavaThread "ForkJoinPool.commonPool-worker-9" daemon [_thread_blocked, id=8668, stack(0x0000000784200000,0x0000000784300000)]
  0x000001b04332a000 JavaThread "ForkJoinPool.commonPool-worker-11" daemon [_thread_blocked, id=19648, stack(0x0000000784300000,0x0000000784400000)]
  0x000001b043330800 JavaThread "ForkJoinPool.commonPool-worker-13" daemon [_thread_blocked, id=16044, stack(0x0000000784400000,0x0000000784500000)]
  0x000001b043450000 JavaThread "Daemon Thread 2" [_thread_blocked, id=21500, stack(0x0000000780000000,0x0000000780100000)]
  0x000001b043455000 JavaThread "Daemon worker Thread 2" [_thread_blocked, id=20768, stack(0x0000000780300000,0x0000000780400000)]
  0x000001b043328800 JavaThread "Handler for socket connection from /127.0.0.1:49838 to /127.0.0.1:49888" [_thread_in_native, id=2220, stack(0x0000000780100000,0x0000000780200000)]
  0x000001b043329800 JavaThread "Cancel handler" [_thread_blocked, id=12176, stack(0x0000000780200000,0x0000000780300000)]
  0x000001b043327000 JavaThread "Asynchronous log dispatcher for DefaultDaemonConnection: socket connection from /127.0.0.1:49838 to /127.0.0.1:49888" [_thread_blocked, id=2156, stack(0x0000000780400000,0x0000000780500000)]
  0x000001b043325800 JavaThread "Stdin handler" [_thread_blocked, id=19944, stack(0x0000000780500000,0x0000000780600000)]
  0x000001b043324800 JavaThread "Daemon client event forwarder" [_thread_blocked, id=17772, stack(0x0000000780600000,0x0000000780700000)]
  0x000001b043326000 JavaThread "Cache worker for file hash cache (E:\android projects\Reader\.gradle\7.3.3\fileHashes)" [_thread_blocked, id=18748, stack(0x0000000780700000,0x0000000780800000)]
  0x000001b043327800 JavaThread "C2 CompilerThread1" daemon [_thread_blocked, id=2812, stack(0x0000000780800000,0x0000000780900000)]
  0x000001b04332e800 JavaThread "C2 CompilerThread2" daemon [_thread_blocked, id=7372, stack(0x0000000780900000,0x0000000780a00000)]
  0x000001b04332c800 JavaThread "Cache worker for checksums cache (E:\android projects\Reader\.gradle\7.3.3\checksums)" [_thread_blocked, id=19348, stack(0x0000000780a00000,0x0000000780b00000)]
  0x000001b043331800 JavaThread "Cache worker for cache directory md-supplier (C:\Users\Vishnu ES\.gradle\caches\7.3.3\md-supplier)" [_thread_blocked, id=2604, stack(0x0000000780b00000,0x0000000780c00000)]
  0x000001b04332f000 JavaThread "Cache worker for cache directory md-rule (C:\Users\Vishnu ES\.gradle\caches\7.3.3\md-rule)" [_thread_blocked, id=1940, stack(0x0000000780c00000,0x0000000780d00000)]
  0x000001b043333000 JavaThread "Cache worker for dependencies-accessors (E:\android projects\Reader\.gradle\7.3.3\dependencies-accessors)" [_thread_blocked, id=21260, stack(0x0000000780d00000,0x0000000780e00000)]

Other Threads:
  0x000001b03b1d6000 VMThread "VM Thread" [stack: 0x00000007f9900000,0x00000007f9a00000] [id=16576]
  0x000001b03bcf9800 WatcherThread [stack: 0x00000007fa300000,0x00000007fa400000] [id=7416]
  0x000001b020d4e000 GCTaskThread "GC Thread#0" [stack: 0x00000007f9400000,0x00000007f9500000] [id=7204]
=>0x000001b03cc60000 GCTaskThread "GC Thread#1" [stack: 0x00000007fa500000,0x00000007fa600000] [id=11320]
  0x000001b03ce89800 GCTaskThread "GC Thread#2" [stack: 0x00000007fa600000,0x00000007fa700000] [id=17928]
  0x000001b03dc0a000 GCTaskThread "GC Thread#3" [stack: 0x00000007fb100000,0x00000007fb200000] [id=13704]
  0x000001b03d604000 GCTaskThread "GC Thread#4" [stack: 0x00000007fb200000,0x00000007fb300000] [id=16220]
  0x000001b03de98000 GCTaskThread "GC Thread#5" [stack: 0x00000007fb300000,0x00000007fb400000] [id=2896]
  0x000001b03f05c000 GCTaskThread "GC Thread#6" [stack: 0x00000007fb400000,0x00000007fb500000] [id=988]
  0x000001b03e8ae000 GCTaskThread "GC Thread#7" [stack: 0x00000007fb500000,0x00000007fb600000] [id=10432]
  0x000001b020d7e800 ConcurrentGCThread "G1 Main Marker" [stack: 0x00000007f9500000,0x00000007f9600000] [id=12424]
  0x000001b020d80000 ConcurrentGCThread "G1 Conc#0" [stack: 0x00000007f9600000,0x00000007f9700000] [id=19156]
  0x000001b03d0da000 ConcurrentGCThread "G1 Conc#1" [stack: 0x00000007fb900000,0x00000007fba00000] [id=420]
  0x000001b020e0e000 ConcurrentGCThread "G1 Refine#0" [stack: 0x00000007f9700000,0x00000007f9800000] [id=1832]
  0x000001b03b024800 ConcurrentGCThread "G1 Young RemSet Sampling" [stack: 0x00000007f9800000,0x00000007f9900000] [id=18780]

Threads with active compile tasks:
C2 CompilerThread0 199213 19004       4       java.text.SimpleDateFormat::subFormat (1260 bytes)
C1 CompilerThread0 199213 19039       3       org.gradle.internal.service.InjectUtil::selectConstructor (167 bytes)
C2 CompilerThread1 199213 19032       4       org.gradle.internal.service.DefaultServiceRegistry$OwnServices::putServiceType (48 bytes)
C2 CompilerThread2 199213 19038       4       org.gradle.internal.service.DefaultServiceRegistry$ClassInspector::getDetailsForClass (50 bytes)

VM state:at safepoint (normal execution)

VM Mutex/Monitor currently owned by a thread:  ([mutex/lock_event])
[0x000001b020d2f7b0] Threads_lock - owner thread: 0x000001b03b1d6000
[0x000001b020d30800] Heap_lock - owner thread: 0x000001b043455000

Heap address: 0x0000000080000000, size: 2048 MB, Compressed Oops mode: 32-bit
Narrow klass base: 0x0000000000000000, Narrow klass shift: 3
Compressed class space size: 1073741824 Address: 0x0000000100000000

Heap:
 garbage-first heap   total 225280K, used 188349K [0x0000000080000000, 0x0000000100000000)
  region size 1024K, 43 young (44032K), 5 survivors (5120K)
 Metaspace       used 127048K, capacity 130538K, committed 132284K, reserved 1163264K
  class space    used 16207K, capacity 17568K, committed 18276K, reserved 1048576K
Heap Regions: E=young(eden), S=young(survivor), O=old, HS=humongous(starts), HC=humongous(continues), CS=collection set, F=free, A=archive, TAMS=top-at-mark-start (previous, next)
|   0|0x0000000080000000, 0x0000000080100000, 0x0000000080100000|100%| O|  |TAMS 0x0000000080100000, 0x0000000080000000| Untracked 
|   1|0x0000000080100000, 0x0000000080200000, 0x0000000080200000|100%| O|  |TAMS 0x0000000080200000, 0x0000000080100000| Untracked 
|   2|0x0000000080200000, 0x0000000080300000, 0x0000000080300000|100%| O|  |TAMS 0x0000000080300000, 0x0000000080200000| Untracked 
|   3|0x0000000080300000, 0x0000000080400000, 0x0000000080400000|100%|HS|  |TAMS 0x0000000080400000, 0x0000000080300000| Complete 
|   4|0x0000000080400000, 0x0000000080500000, 0x0000000080500000|100%|HC|  |TAMS 0x0000000080500000, 0x0000000080400000| Complete 
|   5|0x0000000080500000, 0x0000000080600000, 0x0000000080600000|100%|HC|  |TAMS 0x0000000080600000, 0x0000000080500000| Complete 
|   6|0x0000000080600000, 0x0000000080700000, 0x0000000080700000|100%| O|  |TAMS 0x0000000080700000, 0x0000000080600000| Untracked 
|   7|0x0000000080700000, 0x0000000080800000, 0x0000000080800000|100%| O|  |TAMS 0x0000000080800000, 0x0000000080700000| Untracked 
|   8|0x0000000080800000, 0x0000000080900000, 0x0000000080900000|100%| O|  |TAMS 0x0000000080900000, 0x0000000080800000| Untracked 
|   9|0x0000000080900000, 0x0000000080a00000, 0x0000000080a00000|100%| O|  |TAMS 0x0000000080a00000, 0x0000000080900000| Untracked 
|  10|0x0000000080a00000, 0x0000000080b00000, 0x0000000080b00000|100%| O|  |TAMS 0x0000000080b00000, 0x0000000080a00000| Untracked 
|  11|0x0000000080b00000, 0x0000000080c00000, 0x0000000080c00000|100%| O|  |TAMS 0x0000000080c00000, 0x0000000080b00000| Untracked 
|  12|0x0000000080c00000, 0x0000000080d00000, 0x0000000080d00000|100%| O|  |TAMS 0x0000000080d00000, 0x0000000080c00000| Untracked 
|  13|0x0000000080d00000, 0x0000000080e00000, 0x0000000080e00000|100%| O|  |TAMS 0x0000000080e00000, 0x0000000080d00000| Untracked 
|  14|0x0000000080e00000, 0x0000000080f00000, 0x0000000080f00000|100%| O|  |TAMS 0x0000000080f00000, 0x0000000080e00000| Untracked 
|  15|0x0000000080f00000, 0x0000000081000000, 0x0000000081000000|100%| O|  |TAMS 0x0000000081000000, 0x0000000080f00000| Complete 
|  16|0x0000000081000000, 0x0000000081100000, 0x0000000081100000|100%|HS|  |TAMS 0x0000000081100000, 0x0000000081000000| Complete 
|  17|0x0000000081100000, 0x0000000081200000, 0x0000000081200000|100%| O|  |TAMS 0x0000000081200000, 0x0000000081100000| Untracked 
|  18|0x0000000081200000, 0x0000000081300000, 0x0000000081300000|100%| O|  |TAMS 0x0000000081300000, 0x0000000081200000| Untracked 
|  19|0x0000000081300000, 0x0000000081400000, 0x0000000081400000|100%| O|  |TAMS 0x0000000081400000, 0x0000000081300000| Untracked 
|  20|0x0000000081400000, 0x0000000081500000, 0x0000000081500000|100%| O|  |TAMS 0x0000000081500000, 0x0000000081400000| Complete 
|  21|0x0000000081500000, 0x0000000081600000, 0x0000000081600000|100%| O|  |TAMS 0x0000000081600000, 0x0000000081500000| Untracked 
|  22|0x0000000081600000, 0x0000000081700000, 0x0000000081700000|100%| O|  |TAMS 0x0000000081700000, 0x0000000081600000| Untracked 
|  23|0x0000000081700000, 0x0000000081800000, 0x0000000081800000|100%| O|  |TAMS 0x0000000081800000, 0x0000000081700000| Untracked 
|  24|0x0000000081800000, 0x0000000081900000, 0x0000000081900000|100%| O|  |TAMS 0x0000000081900000, 0x0000000081800000| Untracked 
|  25|0x0000000081900000, 0x0000000081a00000, 0x0000000081a00000|100%| O|  |TAMS 0x0000000081a00000, 0x0000000081900000| Untracked 
|  26|0x0000000081a00000, 0x0000000081b00000, 0x0000000081b00000|100%| O|  |TAMS 0x0000000081b00000, 0x0000000081a00000| Complete 
|  27|0x0000000081b00000, 0x0000000081c00000, 0x0000000081c00000|100%|HS|  |TAMS 0x0000000081c00000, 0x0000000081b00000| Complete 
|  28|0x0000000081c00000, 0x0000000081d00000, 0x0000000081d00000|100%|HS|  |TAMS 0x0000000081d00000, 0x0000000081c00000| Complete 
|  29|0x0000000081d00000, 0x0000000081e00000, 0x0000000081e00000|100%|HS|  |TAMS 0x0000000081e00000, 0x0000000081d00000| Complete 
|  30|0x0000000081e00000, 0x0000000081f00000, 0x0000000081f00000|100%|HC|  |TAMS 0x0000000081f00000, 0x0000000081e00000| Complete 
|  31|0x0000000081f00000, 0x0000000082000000, 0x0000000082000000|100%|HC|  |TAMS 0x0000000082000000, 0x0000000081f00000| Complete 
|  32|0x0000000082000000, 0x0000000082100000, 0x0000000082100000|100%|HS|  |TAMS 0x0000000082100000, 0x0000000082000000| Complete 
|  33|0x0000000082100000, 0x0000000082200000, 0x0000000082200000|100%|HC|  |TAMS 0x0000000082200000, 0x0000000082100000| Complete 
|  34|0x0000000082200000, 0x0000000082300000, 0x0000000082300000|100%| O|  |TAMS 0x0000000082300000, 0x0000000082200000| Untracked 
|  35|0x0000000082300000, 0x0000000082400000, 0x0000000082400000|100%| O|  |TAMS 0x0000000082400000, 0x0000000082300000| Untracked 
|  36|0x0000000082400000, 0x0000000082500000, 0x0000000082500000|100%| O|  |TAMS 0x0000000082500000, 0x0000000082400000| Complete 
|  37|0x0000000082500000, 0x0000000082600000, 0x0000000082600000|100%| O|  |TAMS 0x0000000082600000, 0x0000000082500000| Complete 
|  38|0x0000000082600000, 0x0000000082700000, 0x0000000082700000|100%| O|  |TAMS 0x0000000082700000, 0x0000000082600000| Complete 
|  39|0x0000000082700000, 0x0000000082800000, 0x0000000082800000|100%| O|  |TAMS 0x0000000082800000, 0x0000000082700000| Complete 
|  40|0x0000000082800000, 0x0000000082900000, 0x0000000082900000|100%| O|  |TAMS 0x0000000082900000, 0x0000000082800000| Complete 
|  41|0x0000000082900000, 0x0000000082a00000, 0x0000000082a00000|100%| O|  |TAMS 0x0000000082a00000, 0x0000000082900000| Complete 
|  42|0x0000000082a00000, 0x0000000082b00000, 0x0000000082b00000|100%| O|  |TAMS 0x0000000082b00000, 0x0000000082a00000| Untracked 
|  43|0x0000000082b00000, 0x0000000082c00000, 0x0000000082c00000|100%| O|  |TAMS 0x0000000082c00000, 0x0000000082b00000| Complete 
|  44|0x0000000082c00000, 0x0000000082d00000, 0x0000000082d00000|100%| O|  |TAMS 0x0000000082d00000, 0x0000000082c00000| Complete 
|  45|0x0000000082d00000, 0x0000000082e00000, 0x0000000082e00000|100%| O|  |TAMS 0x0000000082e00000, 0x0000000082d00000| Untracked 
|  46|0x0000000082e00000, 0x0000000082f00000, 0x0000000082f00000|100%| O|  |TAMS 0x0000000082f00000, 0x0000000082e00000| Untracked 
|  47|0x0000000082f00000, 0x0000000083000000, 0x0000000083000000|100%| O|  |TAMS 0x0000000083000000, 0x0000000082f00000| Untracked 
|  48|0x0000000083000000, 0x0000000083100000, 0x0000000083100000|100%| O|  |TAMS 0x0000000083100000, 0x0000000083000000| Complete 
|  49|0x0000000083100000, 0x0000000083200000, 0x0000000083200000|100%| O|  |TAMS 0x0000000083200000, 0x0000000083100000| Complete 
|  50|0x0000000083200000, 0x0000000083300000, 0x0000000083300000|100%| O|  |TAMS 0x0000000083300000, 0x0000000083200000| Untracked 
|  51|0x0000000083300000, 0x0000000083400000, 0x0000000083400000|100%| O|  |TAMS 0x0000000083400000, 0x0000000083300000| Untracked 
|  52|0x0000000083400000, 0x0000000083500000, 0x0000000083500000|100%| O|  |TAMS 0x0000000083500000, 0x0000000083400000| Untracked 
|  53|0x0000000083500000, 0x0000000083600000, 0x0000000083600000|100%| O|  |TAMS 0x0000000083600000, 0x0000000083500000| Complete 
|  54|0x0000000083600000, 0x0000000083700000, 0x0000000083700000|100%| O|  |TAMS 0x0000000083700000, 0x0000000083600000| Complete 
|  55|0x0000000083700000, 0x0000000083800000, 0x0000000083800000|100%| O|  |TAMS 0x0000000083800000, 0x0000000083700000| Complete 
|  56|0x0000000083800000, 0x0000000083900000, 0x0000000083900000|100%| O|  |TAMS 0x0000000083900000, 0x0000000083800000| Complete 
|  57|0x0000000083900000, 0x0000000083a00000, 0x0000000083a00000|100%| O|  |TAMS 0x0000000083a00000, 0x0000000083900000| Complete 
|  58|0x0000000083a00000, 0x0000000083b00000, 0x0000000083b00000|100%| O|  |TAMS 0x0000000083b00000, 0x0000000083a00000| Untracked 
|  59|0x0000000083b00000, 0x0000000083c00000, 0x0000000083c00000|100%| O|  |TAMS 0x0000000083c00000, 0x0000000083b00000| Untracked 
|  60|0x0000000083c00000, 0x0000000083d00000, 0x0000000083d00000|100%| O|  |TAMS 0x0000000083d00000, 0x0000000083c00000| Untracked 
|  61|0x0000000083d00000, 0x0000000083e00000, 0x0000000083e00000|100%| O|  |TAMS 0x0000000083e00000, 0x0000000083d00000| Complete 
|  62|0x0000000083e00000, 0x0000000083f00000, 0x0000000083f00000|100%| O|  |TAMS 0x0000000083f00000, 0x0000000083e00000| Complete 
|  63|0x0000000083f00000, 0x0000000084000000, 0x0000000084000000|100%| O|  |TAMS 0x0000000084000000, 0x0000000083f00000| Complete 
|  64|0x0000000084000000, 0x0000000084100000, 0x0000000084100000|100%| O|  |TAMS 0x0000000084100000, 0x0000000084000000| Untracked 
|  65|0x0000000084100000, 0x0000000084200000, 0x0000000084200000|100%| O|  |TAMS 0x0000000084200000, 0x0000000084100000| Untracked 
|  66|0x0000000084200000, 0x0000000084300000, 0x0000000084300000|100%| O|  |TAMS 0x0000000084300000, 0x0000000084200000| Complete 
|  67|0x0000000084300000, 0x0000000084400000, 0x0000000084400000|100%| O|  |TAMS 0x0000000084400000, 0x0000000084300000| Complete 
|  68|0x0000000084400000, 0x0000000084500000, 0x0000000084500000|100%| O|  |TAMS 0x0000000084500000, 0x0000000084400000| Complete 
|  69|0x0000000084500000, 0x0000000084600000, 0x0000000084600000|100%| O|  |TAMS 0x0000000084600000, 0x0000000084500000| Complete 
|  70|0x0000000084600000, 0x0000000084700000, 0x0000000084700000|100%| O|  |TAMS 0x0000000084700000, 0x0000000084600000| Complete 
|  71|0x0000000084700000, 0x0000000084800000, 0x0000000084800000|100%| O|  |TAMS 0x0000000084800000, 0x0000000084700000| Complete 
|  72|0x0000000084800000, 0x0000000084900000, 0x0000000084900000|100%| O|  |TAMS 0x0000000084900000, 0x0000000084800000| Complete 
|  73|0x0000000084900000, 0x0000000084a00000, 0x0000000084a00000|100%| O|  |TAMS 0x0000000084a00000, 0x0000000084900000| Untracked 
|  74|0x0000000084a00000, 0x0000000084b00000, 0x0000000084b00000|100%| O|  |TAMS 0x0000000084b00000, 0x0000000084a00000| Complete 
|  75|0x0000000084b00000, 0x0000000084c00000, 0x0000000084c00000|100%| O|  |TAMS 0x0000000084c00000, 0x0000000084b00000| Complete 
|  76|0x0000000084c00000, 0x0000000084d00000, 0x0000000084d00000|100%| O|  |TAMS 0x0000000084d00000, 0x0000000084c00000| Complete 
|  77|0x0000000084d00000, 0x0000000084e00000, 0x0000000084e00000|100%| O|  |TAMS 0x0000000084e00000, 0x0000000084d00000| Complete 
|  78|0x0000000084e00000, 0x0000000084f00000, 0x0000000084f00000|100%| O|  |TAMS 0x0000000084f00000, 0x0000000084e00000| Complete 
|  79|0x0000000084f00000, 0x0000000085000000, 0x0000000085000000|100%| O|  |TAMS 0x0000000085000000, 0x0000000084f00000| Complete 
|  80|0x0000000085000000, 0x0000000085100000, 0x0000000085100000|100%| O|  |TAMS 0x0000000085100000, 0x0000000085000000| Untracked 
|  81|0x0000000085100000, 0x0000000085200000, 0x0000000085200000|100%| O|  |TAMS 0x0000000085200000, 0x0000000085100000| Complete 
|  82|0x0000000085200000, 0x0000000085300000, 0x0000000085300000|100%| O|  |TAMS 0x0000000085300000, 0x0000000085200000| Complete 
|  83|0x0000000085300000, 0x0000000085400000, 0x0000000085400000|100%| O|  |TAMS 0x0000000085400000, 0x0000000085300000| Complete 
|  84|0x0000000085400000, 0x0000000085500000, 0x0000000085500000|100%| O|  |TAMS 0x0000000085500000, 0x0000000085400000| Complete 
|  85|0x0000000085500000, 0x0000000085600000, 0x0000000085600000|100%| O|  |TAMS 0x0000000085600000, 0x0000000085500000| Complete 
|  86|0x0000000085600000, 0x0000000085700000, 0x0000000085700000|100%| O|  |TAMS 0x0000000085700000, 0x0000000085600000| Complete 
|  87|0x0000000085700000, 0x0000000085800000, 0x0000000085800000|100%| O|  |TAMS 0x0000000085800000, 0x0000000085700000| Complete 
|  88|0x0000000085800000, 0x0000000085900000, 0x0000000085900000|100%| O|  |TAMS 0x0000000085900000, 0x0000000085800000| Untracked 
|  89|0x0000000085900000, 0x0000000085a00000, 0x0000000085a00000|100%| O|  |TAMS 0x0000000085a00000, 0x0000000085900000| Complete 
|  90|0x0000000085a00000, 0x0000000085b00000, 0x0000000085b00000|100%| O|  |TAMS 0x0000000085b00000, 0x0000000085a00000| Complete 
|  91|0x0000000085b00000, 0x0000000085c00000, 0x0000000085c00000|100%| O|  |TAMS 0x0000000085c00000, 0x0000000085b00000| Untracked 
|  92|0x0000000085c00000, 0x0000000085d00000, 0x0000000085d00000|100%| O|  |TAMS 0x0000000085d00000, 0x0000000085c00000| Complete 
|  93|0x0000000085d00000, 0x0000000085e00000, 0x0000000085e00000|100%| O|  |TAMS 0x0000000085e00000, 0x0000000085d00000| Complete 
|  94|0x0000000085e00000, 0x0000000085f00000, 0x0000000085f00000|100%| O|  |TAMS 0x0000000085f00000, 0x0000000085e00000| Complete 
|  95|0x0000000085f00000, 0x0000000086000000, 0x0000000086000000|100%| O|  |TAMS 0x0000000086000000, 0x0000000085f00000| Complete 
|  96|0x0000000086000000, 0x0000000086100000, 0x0000000086100000|100%| O|  |TAMS 0x0000000086100000, 0x0000000086000000| Complete 
|  97|0x0000000086100000, 0x0000000086200000, 0x0000000086200000|100%| O|  |TAMS 0x0000000086200000, 0x0000000086100000| Complete 
|  98|0x0000000086200000, 0x0000000086300000, 0x0000000086300000|100%| O|  |TAMS 0x0000000086300000, 0x0000000086200000| Complete 
|  99|0x0000000086300000, 0x0000000086400000, 0x0000000086400000|100%| O|  |TAMS 0x0000000086400000, 0x0000000086300000| Complete 
| 100|0x0000000086400000, 0x0000000086500000, 0x0000000086500000|100%|HS|  |TAMS 0x0000000086500000, 0x0000000086400000| Complete 
| 101|0x0000000086500000, 0x0000000086600000, 0x0000000086600000|100%|HC|  |TAMS 0x0000000086600000, 0x0000000086500000| Complete 
| 102|0x0000000086600000, 0x0000000086700000, 0x0000000086700000|100%|HC|  |TAMS 0x0000000086700000, 0x0000000086600000| Complete 
| 103|0x0000000086700000, 0x0000000086800000, 0x0000000086800000|100%| O|  |TAMS 0x0000000086800000, 0x0000000086700000| Untracked 
| 104|0x0000000086800000, 0x0000000086900000, 0x0000000086900000|100%| O|  |TAMS 0x0000000086900000, 0x0000000086800000| Untracked 
| 105|0x0000000086900000, 0x0000000086a00000, 0x0000000086a00000|100%| O|  |TAMS 0x0000000086a00000, 0x0000000086900000| Complete 
| 106|0x0000000086a00000, 0x0000000086b00000, 0x0000000086b00000|100%| O|  |TAMS 0x0000000086b00000, 0x0000000086a00000| Complete 
| 107|0x0000000086b00000, 0x0000000086c00000, 0x0000000086c00000|100%| O|  |TAMS 0x0000000086c00000, 0x0000000086b00000| Complete 
| 108|0x0000000086c00000, 0x0000000086d00000, 0x0000000086d00000|100%| O|  |TAMS 0x0000000086d00000, 0x0000000086c00000| Complete 
| 109|0x0000000086d00000, 0x0000000086e00000, 0x0000000086e00000|100%| O|  |TAMS 0x0000000086e00000, 0x0000000086d00000| Complete 
| 110|0x0000000086e00000, 0x0000000086f00000, 0x0000000086f00000|100%| O|  |TAMS 0x0000000086f00000, 0x0000000086e00000| Complete 
| 111|0x0000000086f00000, 0x0000000087000000, 0x0000000087000000|100%| O|  |TAMS 0x0000000087000000, 0x0000000086f00000| Complete 
| 112|0x0000000087000000, 0x0000000087100000, 0x0000000087100000|100%| O|  |TAMS 0x0000000087100000, 0x0000000087000000| Complete 
| 113|0x0000000087100000, 0x0000000087200000, 0x0000000087200000|100%| O|  |TAMS 0x0000000087200000, 0x0000000087100000| Complete 
| 114|0x0000000087200000, 0x0000000087300000, 0x0000000087300000|100%| O|  |TAMS 0x0000000087300000, 0x0000000087200000| Complete 
| 115|0x0000000087300000, 0x0000000087400000, 0x0000000087400000|100%| O|  |TAMS 0x0000000087400000, 0x0000000087300000| Complete 
| 116|0x0000000087400000, 0x0000000087500000, 0x0000000087500000|100%| O|  |TAMS 0x0000000087500000, 0x0000000087400000| Complete 
| 117|0x0000000087500000, 0x0000000087600000, 0x0000000087600000|100%| O|  |TAMS 0x0000000087600000, 0x0000000087500000| Complete 
| 118|0x0000000087600000, 0x0000000087700000, 0x0000000087700000|100%| O|  |TAMS 0x0000000087700000, 0x0000000087600000| Untracked 
| 119|0x0000000087700000, 0x0000000087800000, 0x0000000087800000|100%| O|  |TAMS 0x0000000087800000, 0x0000000087700000| Complete 
| 120|0x0000000087800000, 0x0000000087900000, 0x0000000087900000|100%| O|  |TAMS 0x0000000087900000, 0x0000000087800000| Complete 
| 121|0x0000000087900000, 0x0000000087a00000, 0x0000000087a00000|100%| O|  |TAMS 0x0000000087a00000, 0x0000000087900000| Complete 
| 122|0x0000000087a00000, 0x0000000087b00000, 0x0000000087b00000|100%| O|  |TAMS 0x0000000087b00000, 0x0000000087a00000| Untracked 
| 123|0x0000000087b00000, 0x0000000087c00000, 0x0000000087c00000|100%| O|  |TAMS 0x0000000087c00000, 0x0000000087b00000| Untracked 
| 124|0x0000000087c00000, 0x0000000087d00000, 0x0000000087d00000|100%| O|  |TAMS 0x0000000087d00000, 0x0000000087c00000| Untracked 
| 125|0x0000000087d00000, 0x0000000087e00000, 0x0000000087e00000|100%| O|  |TAMS 0x0000000087e00000, 0x0000000087d00000| Untracked 
| 126|0x0000000087e00000, 0x0000000087f00000, 0x0000000087f00000|100%| O|  |TAMS 0x0000000087f00000, 0x0000000087e00000| Untracked 
| 127|0x0000000087f00000, 0x0000000088000000, 0x0000000088000000|100%| O|  |TAMS 0x0000000088000000, 0x0000000087f00000| Untracked 
| 128|0x0000000088000000, 0x0000000088100000, 0x0000000088100000|100%| O|  |TAMS 0x0000000088100000, 0x0000000088000000| Complete 
| 129|0x0000000088100000, 0x0000000088200000, 0x0000000088200000|100%| O|  |TAMS 0x0000000088200000, 0x0000000088100000| Complete 
| 130|0x0000000088200000, 0x0000000088300000, 0x0000000088300000|100%| O|  |TAMS 0x0000000088300000, 0x0000000088200000| Untracked 
| 131|0x0000000088300000, 0x0000000088400000, 0x0000000088400000|100%| O|  |TAMS 0x0000000088400000, 0x0000000088300000| Untracked 
| 132|0x0000000088400000, 0x0000000088500000, 0x0000000088500000|100%| O|  |TAMS 0x0000000088500000, 0x0000000088400000| Complete 
| 133|0x0000000088500000, 0x0000000088600000, 0x0000000088600000|100%| O|  |TAMS 0x0000000088600000, 0x0000000088500000| Untracked 
| 134|0x0000000088600000, 0x0000000088700000, 0x0000000088700000|100%| O|  |TAMS 0x0000000088700000, 0x0000000088600000| Untracked 
| 135|0x0000000088700000, 0x0000000088800000, 0x0000000088800000|100%| O|  |TAMS 0x0000000088800000, 0x0000000088700000| Complete 
| 136|0x0000000088800000, 0x0000000088900000, 0x0000000088900000|100%| O|  |TAMS 0x0000000088900000, 0x0000000088800000| Untracked 
| 137|0x0000000088900000, 0x00000000889ff400, 0x0000000088a00000| 99%| O|  |TAMS 0x00000000889ff400, 0x0000000088900000| Untracked 
| 138|0x0000000088a00000, 0x0000000088a00000, 0x0000000088b00000|  0%| F|  |TAMS 0x0000000088a00000, 0x0000000088a00000| Untracked 
| 139|0x0000000088b00000, 0x0000000088b00000, 0x0000000088c00000|  0%| F|  |TAMS 0x0000000088b00000, 0x0000000088b00000| Untracked 
| 140|0x0000000088c00000, 0x0000000088d00000, 0x0000000088d00000|100%| O|  |TAMS 0x0000000088d00000, 0x0000000088c00000| Complete 
| 141|0x0000000088d00000, 0x0000000088d00000, 0x0000000088e00000|  0%| F|  |TAMS 0x0000000088d00000, 0x0000000088d00000| Untracked 
| 142|0x0000000088e00000, 0x0000000088e00000, 0x0000000088f00000|  0%| F|  |TAMS 0x0000000088e00000, 0x0000000088e00000| Untracked 
| 143|0x0000000088f00000, 0x0000000088f00000, 0x0000000089000000|  0%| F|  |TAMS 0x0000000088f00000, 0x0000000088f00000| Untracked 
| 144|0x0000000089000000, 0x0000000089000000, 0x0000000089100000|  0%| F|  |TAMS 0x0000000089000000, 0x0000000089000000| Untracked 
| 145|0x0000000089100000, 0x0000000089100000, 0x0000000089200000|  0%| F|  |TAMS 0x0000000089100000, 0x0000000089100000| Untracked 
| 146|0x0000000089200000, 0x0000000089200000, 0x0000000089300000|  0%| F|  |TAMS 0x0000000089200000, 0x0000000089200000| Untracked 
| 147|0x0000000089300000, 0x0000000089300000, 0x0000000089400000|  0%| F|  |TAMS 0x0000000089300000, 0x0000000089300000| Untracked 
| 148|0x0000000089400000, 0x0000000089400000, 0x0000000089500000|  0%| F|  |TAMS 0x0000000089400000, 0x0000000089400000| Untracked 
| 149|0x0000000089500000, 0x0000000089500000, 0x0000000089600000|  0%| F|  |TAMS 0x0000000089500000, 0x0000000089500000| Untracked 
| 150|0x0000000089600000, 0x0000000089600000, 0x0000000089700000|  0%| F|  |TAMS 0x0000000089600000, 0x0000000089600000| Untracked 
| 151|0x0000000089700000, 0x0000000089700000, 0x0000000089800000|  0%| F|  |TAMS 0x0000000089700000, 0x0000000089700000| Untracked 
| 152|0x0000000089800000, 0x0000000089800000, 0x0000000089900000|  0%| F|  |TAMS 0x0000000089800000, 0x0000000089800000| Untracked 
| 153|0x0000000089900000, 0x0000000089900000, 0x0000000089a00000|  0%| F|  |TAMS 0x0000000089900000, 0x0000000089900000| Untracked 
| 154|0x0000000089a00000, 0x0000000089a00000, 0x0000000089b00000|  0%| F|  |TAMS 0x0000000089a00000, 0x0000000089a00000| Untracked 
| 155|0x0000000089b00000, 0x0000000089b00000, 0x0000000089c00000|  0%| F|  |TAMS 0x0000000089b00000, 0x0000000089b00000| Untracked 
| 156|0x0000000089c00000, 0x0000000089c00000, 0x0000000089d00000|  0%| F|  |TAMS 0x0000000089c00000, 0x0000000089c00000| Untracked 
| 157|0x0000000089d00000, 0x0000000089d00000, 0x0000000089e00000|  0%| F|  |TAMS 0x0000000089d00000, 0x0000000089d00000| Untracked 
| 158|0x0000000089e00000, 0x0000000089f00000, 0x0000000089f00000|100%| O|  |TAMS 0x0000000089f00000, 0x0000000089e00000| Complete 
| 159|0x0000000089f00000, 0x000000008a000000, 0x000000008a000000|100%| O|  |TAMS 0x000000008a000000, 0x0000000089f00000| Untracked 
| 160|0x000000008a000000, 0x000000008a000000, 0x000000008a100000|  0%| F|  |TAMS 0x000000008a000000, 0x000000008a000000| Untracked 
| 161|0x000000008a100000, 0x000000008a200000, 0x000000008a200000|100%| O|  |TAMS 0x000000008a200000, 0x000000008a100000| Untracked 
| 162|0x000000008a200000, 0x000000008a300000, 0x000000008a300000|100%| O|  |TAMS 0x000000008a300000, 0x000000008a200000| Untracked 
| 163|0x000000008a300000, 0x000000008a300000, 0x000000008a400000|  0%| F|  |TAMS 0x000000008a300000, 0x000000008a300000| Untracked 
| 164|0x000000008a400000, 0x000000008a400000, 0x000000008a500000|  0%| F|  |TAMS 0x000000008a400000, 0x000000008a400000| Untracked 
| 165|0x000000008a500000, 0x000000008a500000, 0x000000008a600000|  0%| F|  |TAMS 0x000000008a500000, 0x000000008a500000| Untracked 
| 166|0x000000008a600000, 0x000000008a600000, 0x000000008a700000|  0%| F|  |TAMS 0x000000008a600000, 0x000000008a600000| Untracked 
| 167|0x000000008a700000, 0x000000008a700000, 0x000000008a800000|  0%| F|  |TAMS 0x000000008a700000, 0x000000008a700000| Untracked 
| 168|0x000000008a800000, 0x000000008a800000, 0x000000008a900000|  0%| F|  |TAMS 0x000000008a800000, 0x000000008a800000| Untracked 
| 169|0x000000008a900000, 0x000000008a900000, 0x000000008aa00000|  0%| F|  |TAMS 0x000000008a900000, 0x000000008a900000| Untracked 
| 170|0x000000008aa00000, 0x000000008aa00000, 0x000000008ab00000|  0%| F|  |TAMS 0x000000008aa00000, 0x000000008aa00000| Untracked 
| 171|0x000000008ab00000, 0x000000008ab00000, 0x000000008ac00000|  0%| F|  |TAMS 0x000000008ab00000, 0x000000008ab00000| Untracked 
| 172|0x000000008ac00000, 0x000000008ac00000, 0x000000008ad00000|  0%| F|  |TAMS 0x000000008ac00000, 0x000000008ac00000| Untracked 
| 173|0x000000008ad00000, 0x000000008ad00000, 0x000000008ae00000|  0%| F|  |TAMS 0x000000008ad00000, 0x000000008ad00000| Untracked 
| 174|0x000000008ae00000, 0x000000008ae4f460, 0x000000008af00000| 30%| S|  |TAMS 0x000000008ae00000, 0x000000008ae00000| Complete 
| 175|0x000000008af00000, 0x000000008b000000, 0x000000008b000000|100%| S|  |TAMS 0x000000008af00000, 0x000000008af00000| Complete 
| 176|0x000000008b000000, 0x000000008b100000, 0x000000008b100000|100%| S|  |TAMS 0x000000008b000000, 0x000000008b000000| Complete 
| 177|0x000000008b100000, 0x000000008b200000, 0x000000008b200000|100%| S|  |TAMS 0x000000008b100000, 0x000000008b100000| Complete 
| 178|0x000000008b200000, 0x000000008b300000, 0x000000008b300000|100%| S|  |TAMS 0x000000008b200000, 0x000000008b200000| Complete 
| 179|0x000000008b300000, 0x000000008b3f0100, 0x000000008b400000| 93%| E|CS|TAMS 0x000000008b300000, 0x000000008b300000| Complete 
| 180|0x000000008b400000, 0x000000008b500000, 0x000000008b500000|100%| E|CS|TAMS 0x000000008b400000, 0x000000008b400000| Complete 
| 181|0x000000008b500000, 0x000000008b600000, 0x000000008b600000|100%| E|CS|TAMS 0x000000008b500000, 0x000000008b500000| Complete 
| 182|0x000000008b600000, 0x000000008b700000, 0x000000008b700000|100%| E|CS|TAMS 0x000000008b600000, 0x000000008b600000| Complete 
| 183|0x000000008b700000, 0x000000008b800000, 0x000000008b800000|100%| E|CS|TAMS 0x000000008b700000, 0x000000008b700000| Complete 
| 184|0x000000008b800000, 0x000000008b900000, 0x000000008b900000|100%| E|CS|TAMS 0x000000008b800000, 0x000000008b800000| Complete 
| 185|0x000000008b900000, 0x000000008ba00000, 0x000000008ba00000|100%| E|CS|TAMS 0x000000008b900000, 0x000000008b900000| Complete 
| 186|0x000000008ba00000, 0x000000008bb00000, 0x000000008bb00000|100%| E|CS|TAMS 0x000000008ba00000, 0x000000008ba00000| Complete 
| 187|0x000000008bb00000, 0x000000008bc00000, 0x000000008bc00000|100%| E|CS|TAMS 0x000000008bb00000, 0x000000008bb00000| Complete 
| 188|0x000000008bc00000, 0x000000008bd00000, 0x000000008bd00000|100%| E|CS|TAMS 0x000000008bc00000, 0x000000008bc00000| Complete 
| 189|0x000000008bd00000, 0x000000008be00000, 0x000000008be00000|100%| E|CS|TAMS 0x000000008bd00000, 0x000000008bd00000| Complete 
| 190|0x000000008be00000, 0x000000008bf00000, 0x000000008bf00000|100%| E|CS|TAMS 0x000000008be00000, 0x000000008be00000| Complete 
| 191|0x000000008bf00000, 0x000000008c000000, 0x000000008c000000|100%| E|CS|TAMS 0x000000008bf00000, 0x000000008bf00000| Complete 
| 192|0x000000008c000000, 0x000000008c100000, 0x000000008c100000|100%| E|CS|TAMS 0x000000008c000000, 0x000000008c000000| Complete 
| 193|0x000000008c100000, 0x000000008c200000, 0x000000008c200000|100%| E|CS|TAMS 0x000000008c100000, 0x000000008c100000| Complete 
| 194|0x000000008c200000, 0x000000008c300000, 0x000000008c300000|100%| E|CS|TAMS 0x000000008c200000, 0x000000008c200000| Complete 
| 195|0x000000008c300000, 0x000000008c400000, 0x000000008c400000|100%| E|CS|TAMS 0x000000008c300000, 0x000000008c300000| Complete 
| 196|0x000000008c400000, 0x000000008c500000, 0x000000008c500000|100%| E|CS|TAMS 0x000000008c400000, 0x000000008c400000| Complete 
| 197|0x000000008c500000, 0x000000008c600000, 0x000000008c600000|100%| E|CS|TAMS 0x000000008c500000, 0x000000008c500000| Complete 
| 198|0x000000008c600000, 0x000000008c700000, 0x000000008c700000|100%| E|CS|TAMS 0x000000008c600000, 0x000000008c600000| Complete 
| 199|0x000000008c700000, 0x000000008c800000, 0x000000008c800000|100%| E|CS|TAMS 0x000000008c700000, 0x000000008c700000| Complete 
| 200|0x000000008c800000, 0x000000008c900000, 0x000000008c900000|100%| E|CS|TAMS 0x000000008c800000, 0x000000008c800000| Complete 
| 201|0x000000008c900000, 0x000000008ca00000, 0x000000008ca00000|100%| E|CS|TAMS 0x000000008c900000, 0x000000008c900000| Complete 
| 202|0x000000008ca00000, 0x000000008cb00000, 0x000000008cb00000|100%| E|CS|TAMS 0x000000008ca00000, 0x000000008ca00000| Complete 
| 203|0x000000008cb00000, 0x000000008cc00000, 0x000000008cc00000|100%| E|CS|TAMS 0x000000008cb00000, 0x000000008cb00000| Complete 
| 204|0x000000008cc00000, 0x000000008cd00000, 0x000000008cd00000|100%| E|CS|TAMS 0x000000008cc00000, 0x000000008cc00000| Complete 
| 205|0x000000008cd00000, 0x000000008ce00000, 0x000000008ce00000|100%| E|CS|TAMS 0x000000008cd00000, 0x000000008cd00000| Complete 
| 206|0x000000008ce00000, 0x000000008cf00000, 0x000000008cf00000|100%| E|CS|TAMS 0x000000008ce00000, 0x000000008ce00000| Complete 
| 207|0x000000008cf00000, 0x000000008d000000, 0x000000008d000000|100%| E|CS|TAMS 0x000000008cf00000, 0x000000008cf00000| Complete 
| 208|0x000000008d000000, 0x000000008d100000, 0x000000008d100000|100%| E|CS|TAMS 0x000000008d000000, 0x000000008d000000| Complete 
| 209|0x000000008d100000, 0x000000008d200000, 0x000000008d200000|100%| E|CS|TAMS 0x000000008d100000, 0x000000008d100000| Complete 
| 210|0x000000008d200000, 0x000000008d300000, 0x000000008d300000|100%| E|CS|TAMS 0x000000008d200000, 0x000000008d200000| Complete 
| 211|0x000000008d300000, 0x000000008d400000, 0x000000008d400000|100%| E|CS|TAMS 0x000000008d300000, 0x000000008d300000| Complete 
| 212|0x000000008d400000, 0x000000008d500000, 0x000000008d500000|100%| E|CS|TAMS 0x000000008d400000, 0x000000008d400000| Complete 
| 213|0x000000008d500000, 0x000000008d600000, 0x000000008d600000|100%| E|CS|TAMS 0x000000008d500000, 0x000000008d500000| Complete 
| 214|0x000000008d600000, 0x000000008d700000, 0x000000008d700000|100%| E|CS|TAMS 0x000000008d600000, 0x000000008d600000| Complete 
| 215|0x000000008d700000, 0x000000008d800000, 0x000000008d800000|100%| E|CS|TAMS 0x000000008d700000, 0x000000008d700000| Complete 
| 216|0x000000008d800000, 0x000000008d900000, 0x000000008d900000|100%| E|CS|TAMS 0x000000008d800000, 0x000000008d800000| Complete 
| 217|0x000000008d900000, 0x000000008da00000, 0x000000008da00000|100%| E|CS|TAMS 0x000000008d900000, 0x000000008d900000| Complete 
| 218|0x000000008da00000, 0x000000008db00000, 0x000000008db00000|100%| E|CS|TAMS 0x000000008da00000, 0x000000008da00000| Complete 
| 219|0x000000008db00000, 0x000000008dc00000, 0x000000008dc00000|100%| E|CS|TAMS 0x000000008db00000, 0x000000008db00000| Complete 

Card table byte_map: [0x000001b033f80000,0x000001b034380000] _byte_map_base: 0x000001b033b80000

Marking Bits (Prev, Next): (CMBitMap*) 0x000001b020d75a98, (CMBitMap*) 0x000001b020d75ad0
 Prev Bits: [0x000001b034780000, 0x000001b036780000)
 Next Bits: [0x000001b036780000, 0x000001b038780000)

Polling page: 0x000001b01ebf0000

Metaspace:

Usage:
  Non-class:    110.32 MB capacity,   108.24 MB ( 98%) used,     1.67 MB (  2%) free+waste,   423.31 KB ( <1%) overhead. 
      Class:     17.16 MB capacity,    15.83 MB ( 92%) used,     1.14 MB (  7%) free+waste,   188.06 KB (  1%) overhead. 
       Both:    127.48 MB capacity,   124.07 MB ( 97%) used,     2.81 MB (  2%) free+waste,   611.38 KB ( <1%) overhead. 

Virtual space:
  Non-class space:      112.00 MB reserved,     111.34 MB (>99%) committed 
      Class space:        1.00 GB reserved,      17.85 MB (  2%) committed 
             Both:        1.11 GB reserved,     129.18 MB ( 11%) committed 

Chunk freelists:
   Non-Class:  974.00 KB
       Class:  704.00 KB
        Both:  1.64 MB

MaxMetaspaceSize: 17179869184.00 GB
CompressedClassSpaceSize: 1.00 GB
Initial GC threshold: 20.80 MB
Current GC threshold: 215.31 MB
CDS: off

CodeHeap 'non-profiled nmethods': size=120000Kb used=12854Kb max_used=12854Kb free=107146Kb
 bounds [0x000001b02c310000, 0x000001b02cfa0000, 0x000001b033840000]
CodeHeap 'profiled nmethods': size=120000Kb used=38863Kb max_used=38863Kb free=81136Kb
 bounds [0x000001b024de0000, 0x000001b0273e0000, 0x000001b02c310000]
CodeHeap 'non-nmethods': size=5760Kb used=2473Kb max_used=2551Kb free=3286Kb
 bounds [0x000001b024840000, 0x000001b024ae0000, 0x000001b024de0000]
 total_blobs=19067 nmethods=18055 adapters=923
 compilation: enabled
              stopped_count=0, restarted_count=0
 full_count=0

Compilation events (20 events):
Event: 199.077 Thread 0x000001b03bb5e800 nmethod 19029 0x000001b02cf9b810 code [0x000001b02cf9b9c0, 0x000001b02cf9ba78]
Event: 199.077 Thread 0x000001b04332e800 nmethod 19013 0x000001b02cf9bb10 code [0x000001b02cf9bca0, 0x000001b02cf9bcf8]
Event: 199.080 Thread 0x000001b04332e800 19030       4       java.util.concurrent.locks.ReentrantLock::lock (9 bytes)
Event: 199.081 Thread 0x000001b043327800 nmethod 19025 0x000001b02cf9be10 code [0x000001b02cf9bfe0, 0x000001b02cf9c788]
Event: 199.082 Thread 0x000001b03bb5e800 19031       3       org.codehaus.groovy.reflection.ParameterTypes::isValidMethod (77 bytes)
Event: 199.082 Thread 0x000001b043327800 19032       4       org.gradle.internal.service.DefaultServiceRegistry$OwnServices::putServiceType (48 bytes)
Event: 199.082 Thread 0x000001b03bb5e800 nmethod 19031 0x000001b0273ce610 code [0x000001b0273ce820, 0x000001b0273cef68]
Event: 199.086 Thread 0x000001b03bb5e800 19034       3       com.google.common.base.Equivalence::equals (4 bytes)
Event: 199.086 Thread 0x000001b03bb5e800 nmethod 19034 0x000001b0273cf190 code [0x000001b0273cf340, 0x000001b0273cf438]
Event: 199.087 Thread 0x000001b03bb5e800 19035       3       jdk.internal.reflect.ClassFileAssembler::opc_aaload (11 bytes)
Event: 199.087 Thread 0x000001b03bb5e800 nmethod 19035 0x000001b0273cf510 code [0x000001b0273cf6e0, 0x000001b0273cf948]
Event: 199.089 Thread 0x000001b03bb5e800 19036  s    3       java.lang.Thread::setName (36 bytes)
Event: 199.089 Thread 0x000001b03bb5e800 nmethod 19036 0x000001b0273cfa90 code [0x000001b0273cfca0, 0x000001b0273d02a8]
Event: 199.089 Thread 0x000001b03bb5e800 19037       3       org.gradle.internal.classpath.DefaultClassPath::isEmpty (8 bytes)
Event: 199.089 Thread 0x000001b04332e800 nmethod 19030 0x000001b02cf9ca90 code [0x000001b02cf9cc60, 0x000001b02cf9d2a8]
Event: 199.089 Thread 0x000001b04332e800 19033       4       com.google.common.collect.Maps::newHashMap (8 bytes)
Event: 199.089 Thread 0x000001b03bb5e800 nmethod 19037 0x000001b0273d0490 code [0x000001b0273d0640, 0x000001b0273d0898]
Event: 199.090 Thread 0x000001b03bb5e800 19039       3       org.gradle.internal.service.InjectUtil::selectConstructor (167 bytes)
Event: 199.090 Thread 0x000001b04332e800 nmethod 19033 0x000001b02cf9d510 code [0x000001b02cf9d6a0, 0x000001b02cf9d758]
Event: 199.090 Thread 0x000001b04332e800 19038       4       org.gradle.internal.service.DefaultServiceRegistry$ClassInspector::getDetailsForClass (50 bytes)

GC Heap History (20 events):
Event: 74.744 GC heap after
{Heap after GC invocations=80 (full 0):
 garbage-first heap   total 225280K, used 144350K [0x0000000080000000, 0x0000000100000000)
  region size 1024K, 2 young (2048K), 2 survivors (2048K)
 Metaspace       used 121685K, capacity 125515K, committed 125628K, reserved 1157120K
  class space    used 15845K, capacity 17403K, committed 17508K, reserved 1048576K
}
Event: 74.923 GC heap before
{Heap before GC invocations=80 (full 0):
 garbage-first heap   total 225280K, used 182238K [0x0000000080000000, 0x0000000100000000)
  region size 1024K, 40 young (40960K), 2 survivors (2048K)
 Metaspace       used 122933K, capacity 126898K, committed 127164K, reserved 1159168K
  class space    used 16024K, capacity 17643K, committed 17764K, reserved 1048576K
}
Event: 74.927 GC heap after
{Heap after GC invocations=81 (full 0):
 garbage-first heap   total 225280K, used 145457K [0x0000000080000000, 0x0000000100000000)
  region size 1024K, 3 young (3072K), 3 survivors (3072K)
 Metaspace       used 122933K, capacity 126898K, committed 127164K, reserved 1159168K
  class space    used 16024K, capacity 17643K, committed 17764K, reserved 1048576K
}
Event: 75.077 GC heap before
{Heap before GC invocations=81 (full 0):
 garbage-first heap   total 225280K, used 184369K [0x0000000080000000, 0x0000000100000000)
  region size 1024K, 42 young (43008K), 3 survivors (3072K)
 Metaspace       used 123205K, capacity 127169K, committed 127420K, reserved 1159168K
  class space    used 16050K, capacity 17669K, committed 17764K, reserved 1048576K
}
Event: 75.080 GC heap after
{Heap after GC invocations=82 (full 0):
 garbage-first heap   total 225280K, used 145247K [0x0000000080000000, 0x0000000100000000)
  region size 1024K, 3 young (3072K), 3 survivors (3072K)
 Metaspace       used 123205K, capacity 127169K, committed 127420K, reserved 1159168K
  class space    used 16050K, capacity 17669K, committed 17764K, reserved 1048576K
}
Event: 75.281 GC heap before
{Heap before GC invocations=82 (full 0):
 garbage-first heap   total 225280K, used 186207K [0x0000000080000000, 0x0000000100000000)
  region size 1024K, 44 young (45056K), 3 survivors (3072K)
 Metaspace       used 123493K, capacity 127515K, committed 127676K, reserved 1159168K
  class space    used 16060K, capacity 17669K, committed 17764K, reserved 1048576K
}
Event: 75.284 GC heap after
{Heap after GC invocations=83 (full 0):
 garbage-first heap   total 225280K, used 144691K [0x0000000080000000, 0x0000000100000000)
  region size 1024K, 2 young (2048K), 2 survivors (2048K)
 Metaspace       used 123493K, capacity 127515K, committed 127676K, reserved 1159168K
  class space    used 16060K, capacity 17669K, committed 17764K, reserved 1048576K
}
Event: 76.014 GC heap before
{Heap before GC invocations=83 (full 0):
 garbage-first heap   total 225280K, used 188723K [0x0000000080000000, 0x0000000100000000)
  region size 1024K, 46 young (47104K), 2 survivors (2048K)
 Metaspace       used 126493K, capacity 130583K, committed 130620K, reserved 1161216K
  class space    used 16466K, capacity 18120K, committed 18148K, reserved 1048576K
}
Event: 76.019 GC heap after
{Heap after GC invocations=84 (full 0):
 garbage-first heap   total 225280K, used 147540K [0x0000000080000000, 0x0000000100000000)
  region size 1024K, 5 young (5120K), 5 survivors (5120K)
 Metaspace       used 126493K, capacity 130583K, committed 130620K, reserved 1161216K
  class space    used 16466K, capacity 18120K, committed 18148K, reserved 1048576K
}
Event: 76.083 GC heap before
{Heap before GC invocations=84 (full 0):
 garbage-first heap   total 225280K, used 165972K [0x0000000080000000, 0x0000000100000000)
  region size 1024K, 6 young (6144K), 5 survivors (5120K)
 Metaspace       used 126523K, capacity 130647K, committed 130876K, reserved 1163264K
  class space    used 16469K, capacity 18120K, committed 18148K, reserved 1048576K
}
Event: 76.088 GC heap after
{Heap after GC invocations=85 (full 0):
 garbage-first heap   total 225280K, used 166361K [0x0000000080000000, 0x0000000100000000)
  region size 1024K, 4 young (4096K), 4 survivors (4096K)
 Metaspace       used 126523K, capacity 130647K, committed 130876K, reserved 1163264K
  class space    used 16469K, capacity 18120K, committed 18148K, reserved 1048576K
}
Event: 148.354 GC heap before
{Heap before GC invocations=86 (full 0):
 garbage-first heap   total 225280K, used 189913K [0x0000000080000000, 0x0000000100000000)
  region size 1024K, 27 young (27648K), 4 survivors (4096K)
 Metaspace       used 126619K, capacity 130233K, committed 131772K, reserved 1163264K
  class space    used 16293K, capacity 17689K, committed 18276K, reserved 1048576K
}
Event: 148.360 GC heap after
{Heap after GC invocations=87 (full 0):
 garbage-first heap   total 225280K, used 147432K [0x0000000080000000, 0x0000000100000000)
  region size 1024K, 3 young (3072K), 3 survivors (3072K)
 Metaspace       used 126619K, capacity 130233K, committed 131772K, reserved 1163264K
  class space    used 16293K, capacity 17689K, committed 18276K, reserved 1048576K
}
Event: 148.422 GC heap before
{Heap before GC invocations=87 (full 0):
 garbage-first heap   total 225280K, used 155624K [0x0000000080000000, 0x0000000100000000)
  region size 1024K, 11 young (11264K), 3 survivors (3072K)
 Metaspace       used 126654K, capacity 130233K, committed 131772K, reserved 1163264K
  class space    used 16293K, capacity 17689K, committed 18276K, reserved 1048576K
}
Event: 148.427 GC heap after
{Heap after GC invocations=88 (full 0):
 garbage-first heap   total 225280K, used 141146K [0x0000000080000000, 0x0000000100000000)
  region size 1024K, 1 young (1024K), 1 survivors (1024K)
 Metaspace       used 126654K, capacity 130233K, committed 131772K, reserved 1163264K
  class space    used 16293K, capacity 17689K, committed 18276K, reserved 1048576K
}
Event: 148.848 GC heap before
{Heap before GC invocations=88 (full 0):
 garbage-first heap   total 225280K, used 183130K [0x0000000080000000, 0x0000000100000000)
  region size 1024K, 43 young (44032K), 1 survivors (1024K)
 Metaspace       used 127094K, capacity 130759K, committed 132028K, reserved 1163264K
  class space    used 16300K, capacity 17702K, committed 18276K, reserved 1048576K
}
Event: 148.855 GC heap after
{Heap after GC invocations=89 (full 0):
 garbage-first heap   total 225280K, used 146679K [0x0000000080000000, 0x0000000100000000)
  region size 1024K, 6 young (6144K), 6 survivors (6144K)
 Metaspace       used 127094K, capacity 130759K, committed 132028K, reserved 1163264K
  class space    used 16300K, capacity 17702K, committed 18276K, reserved 1048576K
}
Event: 149.194 GC heap before
{Heap before GC invocations=89 (full 0):
 garbage-first heap   total 225280K, used 185591K [0x0000000080000000, 0x0000000100000000)
  region size 1024K, 44 young (45056K), 6 survivors (6144K)
 Metaspace       used 127243K, capacity 130849K, committed 132284K, reserved 1163264K
  class space    used 16303K, capacity 17708K, committed 18276K, reserved 1048576K
}
Event: 149.202 GC heap after
{Heap after GC invocations=90 (full 0):
 garbage-first heap   total 225280K, used 149437K [0x0000000080000000, 0x0000000100000000)
  region size 1024K, 3 young (3072K), 3 survivors (3072K)
 Metaspace       used 127243K, capacity 130849K, committed 132284K, reserved 1163264K
  class space    used 16303K, capacity 17708K, committed 18276K, reserved 1048576K
}
Event: 199.093 GC heap before
{Heap before GC invocations=91 (full 0):
 garbage-first heap   total 225280K, used 187325K [0x0000000080000000, 0x0000000100000000)
  region size 1024K, 41 young (41984K), 3 survivors (3072K)
 Metaspace       used 127048K, capacity 130538K, committed 132284K, reserved 1163264K
  class space    used 16207K, capacity 17568K, committed 18276K, reserved 1048576K
}

Deoptimization events (20 events):
Event: 199.063 Thread 0x000001b043455000 Uncommon trap: trap_request=0xffffffc6 fr.pc=0x000001b02ca62af0 relative=0x0000000000000130
Event: 199.063 Thread 0x000001b043455000 Uncommon trap: reason=bimorphic_or_optimized_type_check action=maybe_recompile pc=0x000001b02ca62af0 method=java.util.Collections$UnmodifiableList.get(I)Ljava/lang/Object; @ 5 c2
Event: 199.063 Thread 0x000001b043455000 DEOPT PACKING pc=0x000001b02ca62af0 sp=0x00000007803fe2c0
Event: 199.063 Thread 0x000001b043455000 DEOPT UNPACKING pc=0x000001b02488a1af sp=0x00000007803fe258 mode 2
Event: 199.064 Thread 0x000001b043325800 Uncommon trap: trap_request=0xffffff4d fr.pc=0x000001b02c92d094 relative=0x00000000000003b4
Event: 199.064 Thread 0x000001b043325800 Uncommon trap: reason=unstable_if action=reinterpret pc=0x000001b02c92d094 method=org.gradle.internal.logging.sink.OutputEventRenderer.onOutput(Lorg/gradle/internal/logging/events/OutputEvent;)V @ 24 c2
Event: 199.064 Thread 0x000001b043325800 DEOPT PACKING pc=0x000001b02c92d094 sp=0x00000007805fe5b0
Event: 199.064 Thread 0x000001b043325800 DEOPT UNPACKING pc=0x000001b02488a1af sp=0x00000007805fe558 mode 2
Event: 199.065 Thread 0x000001b043455000 Uncommon trap: trap_request=0xffffffde fr.pc=0x000001b02c99ef38 relative=0x00000000000016b8
Event: 199.065 Thread 0x000001b043455000 Uncommon trap: reason=class_check action=maybe_recompile pc=0x000001b02c99ef38 method=org.gradle.internal.work.DefaultWorkerLeaseService$DefaultWorkerLease.acquireLock()Z @ 4 c2
Event: 199.065 Thread 0x000001b043455000 DEOPT PACKING pc=0x000001b02c99ef38 sp=0x00000007803fd2d0
Event: 199.065 Thread 0x000001b043455000 DEOPT UNPACKING pc=0x000001b02488a1af sp=0x00000007803fd1b0 mode 2
Event: 199.065 Thread 0x000001b043455000 Uncommon trap: trap_request=0xffffff4d fr.pc=0x000001b02c8cd958 relative=0x0000000000000098
Event: 199.065 Thread 0x000001b043455000 Uncommon trap: reason=unstable_if action=reinterpret pc=0x000001b02c8cd958 method=org.gradle.internal.operations.DefaultBuildOperationAncestryTracker.started(Lorg/gradle/internal/operations/BuildOperationDescriptor;Lorg/gradle/internal/operations/Operatio
Event: 199.065 Thread 0x000001b043455000 DEOPT PACKING pc=0x000001b02c8cd958 sp=0x00000007803fd070
Event: 199.065 Thread 0x000001b043455000 DEOPT UNPACKING pc=0x000001b02488a1af sp=0x00000007803fcff8 mode 2
Event: 199.068 Thread 0x000001b043455000 Uncommon trap: trap_request=0xffffffc6 fr.pc=0x000001b02c8de590 relative=0x00000000000012f0
Event: 199.068 Thread 0x000001b043455000 Uncommon trap: reason=bimorphic_or_optimized_type_check action=maybe_recompile pc=0x000001b02c8de590 method=java.util.stream.MatchOps$MatchOp.evaluateSequential(Ljava/util/stream/PipelineHelper;Ljava/util/Spliterator;)Ljava/lang/Boolean; @ 14 c2
Event: 199.068 Thread 0x000001b043455000 DEOPT PACKING pc=0x000001b02c8de590 sp=0x00000007803fb3a0
Event: 199.068 Thread 0x000001b043455000 DEOPT UNPACKING pc=0x000001b02488a1af sp=0x00000007803fb2e8 mode 2

Classes redefined (0 events):
No events

Internal exceptions (20 events):
Event: 75.716 Thread 0x000001b042c29000 Exception <a 'java/lang/NoSuchMethodError'{0x000000008bbb2eb8}: 'java.lang.Object java.lang.invoke.Invokers$Holder.linkToTargetMethod(java.lang.Object, java.lang.Object, java.lang.Object, java.lang.Object, java.lang.Object, java.lang.Object, int, java.lang.Object)'> (0x000000008bbb2eb8) thrown at [./src/hotspot/share/interpreter/linkResolver.cpp, line 773]
Event: 76.257 Thread 0x000001b042c29000 Implicit null exception at 0x000001b02c4cb96b to 0x000001b02c4cb98c
Event: 76.365 Thread 0x000001b03d69d000 Exception <a 'sun/nio/fs/WindowsException'{0x000000008d441660}> (0x000000008d441660) thrown at [./src/hotspot/share/prims/jni.cpp, line 615]
Event: 76.365 Thread 0x000001b03d69d000 Exception <a 'sun/nio/fs/WindowsException'{0x000000008d4416e0}> (0x000000008d4416e0) thrown at [./src/hotspot/share/prims/jni.cpp, line 615]
Event: 76.366 Thread 0x000001b03d69d000 Exception <a 'sun/nio/fs/WindowsException'{0x000000008d443458}> (0x000000008d443458) thrown at [./src/hotspot/share/prims/jni.cpp, line 615]
Event: 76.415 Thread 0x000001b03d69d000 Exception <a 'java/lang/NoSuchMethodError'{0x000000008d264ed0}: 'java.lang.Object java.lang.invoke.DirectMethodHandle$Holder.invokeSpecial(java.lang.Object, java.lang.Object, java.lang.Object, java.lang.Object, int, java.lang.Object, java.lang.Object)'> (0x000000008d264ed0) thrown at [./src/hotspot/share/interpreter/linkResolver.cpp, line 773]
Event: 76.463 Thread 0x000001b03d69d000 Implicit null exception at 0x000001b02cb0c3ad to 0x000001b02cb0d414
Event: 76.471 Thread 0x000001b03d69d000 Implicit null exception at 0x000001b02cb1ab04 to 0x000001b02cb21ae0
Event: 76.471 Thread 0x000001b03d69d000 Implicit null exception at 0x000001b02c97bc2f to 0x000001b02c97bc7c
Event: 76.516 Thread 0x000001b03d69d000 Implicit null exception at 0x000001b02c959b24 to 0x000001b02c959f18
Event: 148.276 Thread 0x000001b043455000 Implicit null exception at 0x000001b02cb18ec5 to 0x000001b02cb191e4
Event: 148.483 Thread 0x000001b043455000 Exception <a 'sun/nio/fs/WindowsException'{0x000000008cf7e820}> (0x000000008cf7e820) thrown at [./src/hotspot/share/prims/jni.cpp, line 615]
Event: 148.618 Thread 0x000001b043455000 Exception <a 'sun/nio/fs/WindowsException'{0x000000008c2c9930}> (0x000000008c2c9930) thrown at [./src/hotspot/share/prims/jni.cpp, line 615]
Event: 148.624 Thread 0x000001b043455000 Exception <a 'sun/nio/fs/WindowsException'{0x000000008c16cad8}> (0x000000008c16cad8) thrown at [./src/hotspot/share/prims/jni.cpp, line 615]
Event: 148.624 Thread 0x000001b043455000 Exception <a 'sun/nio/fs/WindowsException'{0x000000008c16de60}> (0x000000008c16de60) thrown at [./src/hotspot/share/prims/jni.cpp, line 615]
Event: 148.624 Thread 0x000001b043455000 Exception <a 'sun/nio/fs/WindowsException'{0x000000008c16f238}> (0x000000008c16f238) thrown at [./src/hotspot/share/prims/jni.cpp, line 615]
Event: 148.624 Thread 0x000001b043455000 Exception <a 'sun/nio/fs/WindowsException'{0x000000008c170610}> (0x000000008c170610) thrown at [./src/hotspot/share/prims/jni.cpp, line 615]
Event: 149.477 Thread 0x000001b043455000 Exception <a 'sun/nio/fs/WindowsException'{0x000000008bf1d158}> (0x000000008bf1d158) thrown at [./src/hotspot/share/prims/jni.cpp, line 615]
Event: 149.477 Thread 0x000001b043455000 Exception <a 'sun/nio/fs/WindowsException'{0x000000008bf1d2a0}> (0x000000008bf1d2a0) thrown at [./src/hotspot/share/prims/jni.cpp, line 615]
Event: 149.477 Thread 0x000001b043455000 Exception <a 'sun/nio/fs/WindowsException'{0x000000008bf1eb60}> (0x000000008bf1eb60) thrown at [./src/hotspot/share/prims/jni.cpp, line 615]

Events (20 events):
Event: 149.556 Thread 0x000001b04344c000 Thread exited: 0x000001b04344c000
Event: 152.805 Thread 0x000001b043459000 Thread exited: 0x000001b043459000
Event: 156.912 Thread 0x000001b043457800 Thread exited: 0x000001b043457800
Event: 156.972 Thread 0x000001b042c30800 Thread exited: 0x000001b042c30800
Event: 196.240 Executing VM operation: RevokeBias
Event: 196.240 Executing VM operation: RevokeBias done
Event: 196.240 Thread 0x000001b043331800 Thread exited: 0x000001b043331800
Event: 199.054 Thread 0x000001b043328800 Thread added: 0x000001b043328800
Event: 199.056 Thread 0x000001b043329800 Thread added: 0x000001b043329800
Event: 199.063 Thread 0x000001b043327000 Thread added: 0x000001b043327000
Event: 199.063 Thread 0x000001b043325800 Thread added: 0x000001b043325800
Event: 199.064 Thread 0x000001b043324800 Thread added: 0x000001b043324800
Event: 199.067 Thread 0x000001b043326000 Thread added: 0x000001b043326000
Event: 199.074 Thread 0x000001b043327800 Thread added: 0x000001b043327800
Event: 199.074 Thread 0x000001b04332e800 Thread added: 0x000001b04332e800
Event: 199.077 Thread 0x000001b04332c800 Thread added: 0x000001b04332c800
Event: 199.078 Thread 0x000001b043331800 Thread added: 0x000001b043331800
Event: 199.080 Thread 0x000001b04332f000 Thread added: 0x000001b04332f000
Event: 199.089 Thread 0x000001b043333000 Thread added: 0x000001b043333000
Event: 199.093 Executing VM operation: G1CollectForAllocation


Dynamic libraries:
0x00007ff778150000 - 0x00007ff77815a000 	C:\Program Files\Android\Android Studio\jre\bin\java.exe
0x00007ffdacb10000 - 0x00007ffdacd08000 	C:\WINDOWS\SYSTEM32\ntdll.dll
0x00007ffd726c0000 - 0x00007ffd726d7000 	C:\Program Files\Avast Software\Avast\aswhook.dll
0x00007ffdac0c0000 - 0x00007ffdac17d000 	C:\WINDOWS\System32\KERNEL32.DLL
0x00007ffdaa6b0000 - 0x00007ffdaa97e000 	C:\WINDOWS\System32\KERNELBASE.dll
0x00007ffdaa230000 - 0x00007ffdaa330000 	C:\WINDOWS\System32\ucrtbase.dll
0x00007ffd8d690000 - 0x00007ffd8d6a7000 	C:\Program Files\Android\Android Studio\jre\bin\VCRUNTIME140.dll
0x00007ffd8b550000 - 0x00007ffd8b569000 	C:\Program Files\Android\Android Studio\jre\bin\jli.dll
0x00007ffdaaf50000 - 0x00007ffdab0f0000 	C:\WINDOWS\System32\USER32.dll
0x00007ffdaa980000 - 0x00007ffdaa9a2000 	C:\WINDOWS\System32\win32u.dll
0x00007ffd9e1c0000 - 0x00007ffd9e45a000 	C:\WINDOWS\WinSxS\amd64_microsoft.windows.common-controls_6595b64144ccf1df_6.0.19041.1110_none_60b5254171f9507e\COMCTL32.dll
0x00007ffdac650000 - 0x00007ffdac67a000 	C:\WINDOWS\System32\GDI32.dll
0x00007ffdaac50000 - 0x00007ffdaacee000 	C:\WINDOWS\System32\msvcrt.dll
0x00007ffdaa5a0000 - 0x00007ffdaa6ab000 	C:\WINDOWS\System32\gdi32full.dll
0x00007ffdaaa60000 - 0x00007ffdaaafd000 	C:\WINDOWS\System32\msvcp_win.dll
0x00007ffdac450000 - 0x00007ffdac480000 	C:\WINDOWS\System32\IMM32.DLL
0x00007ffd7be10000 - 0x00007ffd7bead000 	C:\Program Files\Android\Android Studio\jre\bin\msvcp140.dll
0x00007ffd68d10000 - 0x00007ffd697f5000 	C:\Program Files\Android\Android Studio\jre\bin\server\jvm.dll
0x00007ffdabcb0000 - 0x00007ffdabd5e000 	C:\WINDOWS\System32\ADVAPI32.dll
0x00007ffdac900000 - 0x00007ffdac99c000 	C:\WINDOWS\System32\sechost.dll
0x00007ffdaad10000 - 0x00007ffdaae35000 	C:\WINDOWS\System32\RPCRT4.dll
0x00007ffdac320000 - 0x00007ffdac328000 	C:\WINDOWS\System32\PSAPI.DLL
0x00007ffd9ff50000 - 0x00007ffd9ff77000 	C:\WINDOWS\SYSTEM32\WINMM.dll
0x00007ffd9dd40000 - 0x00007ffd9dd49000 	C:\WINDOWS\SYSTEM32\WSOCK32.dll
0x00007ffda2fd0000 - 0x00007ffda2fda000 	C:\WINDOWS\SYSTEM32\VERSION.dll
0x00007ffdac250000 - 0x00007ffdac2bb000 	C:\WINDOWS\System32\WS2_32.dll
0x00007ffda8130000 - 0x00007ffda8142000 	C:\WINDOWS\SYSTEM32\kernel.appcore.dll
0x00007ffd9ee00000 - 0x00007ffd9ee11000 	C:\Program Files\Android\Android Studio\jre\bin\verify.dll
0x00007ffda1350000 - 0x00007ffda1534000 	C:\WINDOWS\SYSTEM32\DBGHELP.DLL
0x00007ffda1120000 - 0x00007ffda114c000 	C:\WINDOWS\SYSTEM32\dbgcore.DLL
0x00007ffdaa510000 - 0x00007ffdaa592000 	C:\WINDOWS\System32\bcryptPrimitives.dll
0x00007ffd92da0000 - 0x00007ffd92dc9000 	C:\Program Files\Android\Android Studio\jre\bin\java.dll
0x00007ffda5880000 - 0x00007ffda588b000 	C:\Program Files\Android\Android Studio\jre\bin\jimage.dll
0x00007ffd92e30000 - 0x00007ffd92e48000 	C:\Program Files\Android\Android Studio\jre\bin\zip.dll
0x00007ffdab0f0000 - 0x00007ffdab834000 	C:\WINDOWS\System32\SHELL32.dll
0x00007ffda8330000 - 0x00007ffda8ac4000 	C:\WINDOWS\SYSTEM32\windows.storage.dll
0x00007ffdabd60000 - 0x00007ffdac0b4000 	C:\WINDOWS\System32\combase.dll
0x00007ffda9c20000 - 0x00007ffda9c50000 	C:\WINDOWS\SYSTEM32\Wldp.dll
0x00007ffdac5a0000 - 0x00007ffdac64d000 	C:\WINDOWS\System32\SHCORE.dll
0x00007ffdac680000 - 0x00007ffdac6d5000 	C:\WINDOWS\System32\shlwapi.dll
0x00007ffdaa170000 - 0x00007ffdaa18f000 	C:\WINDOWS\SYSTEM32\profapi.dll
0x00007ffd92b30000 - 0x00007ffd92b4a000 	C:\Program Files\Android\Android Studio\jre\bin\net.dll
0x00007ffd9a400000 - 0x00007ffd9a50a000 	C:\WINDOWS\SYSTEM32\WINHTTP.dll
0x00007ffda9920000 - 0x00007ffda998a000 	C:\WINDOWS\system32\mswsock.dll
0x00007ffd8dd20000 - 0x00007ffd8dd34000 	C:\Program Files\Android\Android Studio\jre\bin\nio.dll
0x00007ffd88010000 - 0x00007ffd88037000 	C:\Users\Vishnu ES\.gradle\native\e1d6ef7f7dcc3fd88c89a11ec53ec762bb8ba0a96d01ffa2cd45eb1d1d8dd5c5\windows-amd64\native-platform.dll
0x00007ffd6f520000 - 0x00007ffd6f664000 	C:\Users\Vishnu ES\.gradle\native\5664cfc778a61ccfe75a443a1ab52a65af34e5dc3c78e0209fed803814484fcb\windows-amd64\native-platform-file-events.dll
0x00007ffd9fa90000 - 0x00007ffd9fa9a000 	C:\Program Files\Android\Android Studio\jre\bin\management.dll
0x00007ffd9f1f0000 - 0x00007ffd9f1fd000 	C:\Program Files\Android\Android Studio\jre\bin\management_ext.dll
0x00007ffda9b20000 - 0x00007ffda9b38000 	C:\WINDOWS\SYSTEM32\CRYPTSP.dll
0x00007ffda92a0000 - 0x00007ffda92d4000 	C:\WINDOWS\system32\rsaenh.dll
0x00007ffdaa380000 - 0x00007ffdaa3a7000 	C:\WINDOWS\System32\bcrypt.dll
0x00007ffdaa130000 - 0x00007ffdaa15e000 	C:\WINDOWS\SYSTEM32\USERENV.dll
0x00007ffda9b10000 - 0x00007ffda9b1c000 	C:\WINDOWS\SYSTEM32\CRYPTBASE.dll
0x00007ffda9610000 - 0x00007ffda964b000 	C:\WINDOWS\SYSTEM32\IPHLPAPI.DLL
0x00007ffdac3e0000 - 0x00007ffdac3e8000 	C:\WINDOWS\System32\NSI.dll
0x00007ffda3160000 - 0x00007ffda3177000 	C:\WINDOWS\SYSTEM32\dhcpcsvc6.DLL
0x00007ffda3050000 - 0x00007ffda306d000 	C:\WINDOWS\SYSTEM32\dhcpcsvc.DLL
0x00007ffda9650000 - 0x00007ffda971a000 	C:\WINDOWS\SYSTEM32\DNSAPI.dll
0x00007ffd8a4c0000 - 0x00007ffd8a4de000 	C:\Users\Vishnu ES\AppData\Local\Temp\native-platform3114860807585777561dir\native-platform.dll
0x00007ffd9ee20000 - 0x00007ffd9ee28000 	C:\Program Files\Android\Android Studio\jre\bin\rmi.dll
0x00007ffda8f30000 - 0x00007ffda8f63000 	C:\WINDOWS\SYSTEM32\ntmarta.dll
0x00007ffd8d660000 - 0x00007ffd8d687000 	C:\Program Files\Android\Android Studio\jre\bin\sunec.dll

dbghelp: loaded successfully - version: 4.0.5 - missing functions: none
symbol engine: initialized successfully - sym options: 0x614 - pdb path: .;C:\Program Files\Android\Android Studio\jre\bin;C:\WINDOWS\SYSTEM32;C:\Program Files\Avast Software\Avast;C:\WINDOWS\WinSxS\amd64_microsoft.windows.common-controls_6595b64144ccf1df_6.0.19041.1110_none_60b5254171f9507e;C:\Program Files\Android\Android Studio\jre\bin\server;C:\Users\Vishnu ES\.gradle\native\e1d6ef7f7dcc3fd88c89a11ec53ec762bb8ba0a96d01ffa2cd45eb1d1d8dd5c5\windows-amd64;C:\Users\Vishnu ES\.gradle\native\5664cfc778a61ccfe75a443a1ab52a65af34e5dc3c78e0209fed803814484fcb\windows-amd64;C:\Users\Vishnu ES\AppData\Local\Temp\native-platform3114860807585777561dir

VM Arguments:
jvm_args: --add-opens=java.base/java.util=ALL-UNNAMED --add-opens=java.base/java.lang=ALL-UNNAMED --add-opens=java.base/java.lang.invoke=ALL-UNNAMED --add-opens=java.base/java.util=ALL-UNNAMED --add-opens=java.prefs/java.util.prefs=ALL-UNNAMED --add-opens=java.prefs/java.util.prefs=ALL-UNNAMED --add-opens=java.base/java.nio.charset=ALL-UNNAMED --add-opens=java.base/java.net=ALL-UNNAMED --add-opens=java.base/java.util.concurrent.atomic=ALL-UNNAMED -Xmx2048m -Dfile.encoding=UTF-8 -Duser.country=US -Duser.language=en -Duser.variant 
java_command: org.gradle.launcher.daemon.bootstrap.GradleDaemon 7.3.3
java_class_path (initial): C:\Users\Vishnu ES\.gradle\wrapper\dists\gradle-7.3.3-bin\6a41zxkdtcxs8rphpq6y0069z\gradle-7.3.3\lib\gradle-launcher-7.3.3.jar
Launcher Type: SUN_STANDARD

[Global flags]
     intx CICompilerCount                          = 4                                         {product} {ergonomic}
     uint ConcGCThreads                            = 2                                         {product} {ergonomic}
     uint G1ConcRefinementThreads                  = 8                                         {product} {ergonomic}
   size_t G1HeapRegionSize                         = 1048576                                   {product} {ergonomic}
    uintx GCDrainStackTargetSize                   = 64                                        {product} {ergonomic}
   size_t InitialHeapSize                          = 132120576                                 {product} {ergonomic}
   size_t MarkStackSize                            = 4194304                                   {product} {ergonomic}
   size_t MaxHeapSize                              = 2147483648                                {product} {command line}
   size_t MaxNewSize                               = 1287651328                                {product} {ergonomic}
   size_t MinHeapDeltaBytes                        = 1048576                                   {product} {ergonomic}
    uintx NonNMethodCodeHeapSize                   = 5836300                                {pd product} {ergonomic}
    uintx NonProfiledCodeHeapSize                  = 122910970                              {pd product} {ergonomic}
    uintx ProfiledCodeHeapSize                     = 122910970                              {pd product} {ergonomic}
    uintx ReservedCodeCacheSize                    = 251658240                              {pd product} {ergonomic}
     bool SegmentedCodeCache                       = true                                      {product} {ergonomic}
     bool UseCompressedClassPointers               = true                                 {lp64_product} {ergonomic}
     bool UseCompressedOops                        = true                                 {lp64_product} {ergonomic}
     bool UseG1GC                                  = true                                      {product} {ergonomic}
     bool UseLargePagesIndividualAllocation        = false                                  {pd product} {ergonomic}

Logging:
Log output configuration:
 #0: stdout all=warning uptime,level,tags
 #1: stderr all=off uptime,level,tags

Environment Variables:
PATH=C:\Program Files (x86)\Intel\Intel(R) Management Engine Components\iCLS\;C:\Program Files\Intel\Intel(R) Management Engine Components\iCLS\;C:\Windows\system32;C:\Windows;C:\Windows\System32\Wbem;C:\Windows\System32\WindowsPowerShell\v1.0\;C:\Program Files (x86)\Intel\Intel(R) Management Engine Components\DAL;C:\Program Files\Intel\Intel(R) Management Engine Components\DAL;C:\Program Files (x86)\Intel\Intel(R) Management Engine Components\IPT;C:\Program Files\Intel\Intel(R) Management Engine Components\IPT;C:\Program Files (x86)\NVIDIA Corporation\PhysX\Common;C:\Program Files\Intel\WiFi\bin\;C:\Program Files\Common Files\Intel\WirelessCommon\;C:\WINDOWS\system32;C:\WINDOWS;C:\WINDOWS\System32\Wbem;C:\WINDOWS\System32\WindowsPowerShell\v1.0\;C:\WINDOWS\System32\OpenSSH\;C:\Program Files\Git\cmd;C:\Program Files\NVIDIA Corporation\NVIDIA NvDLISR;C:\Program Files\nodejs\;C:\Users\Vishnu ES\AppData\Local\Programs\Python\Python38-32\Scripts\;C:\Users\Vishnu ES\AppData\Local\Programs\Python\Python38-32\;C:\Users\Vishnu ES\AppData\Local\Microsoft\WindowsApps;C:\flutter\flutter\bin;C:\Program Files\Java\jdk-14.0.2\bin;C:\Users\Vishnu ES\AppData\Local\hyper\app-3.0.2\resources\bin;C:\Users\Vishnu ES\AppData\Local\Programs\Microsoft VS Code\bin;C:\Program Files\heroku\bin;C:\Users\Vishnu ES\AppData\Local\Android\Sdk\platform-tools;E:\Postgresql\lib;E:\Postgresql\bin;C:\Users\Vishnu ES\AppData\Roaming\npm
USERNAME=Vishnu ES
OS=Windows_NT
PROCESSOR_IDENTIFIER=Intel64 Family 6 Model 158 Stepping 10, GenuineIntel



---------------  S Y S T E M  ---------------

OS: Windows 10 , 64 bit Build 19041 (10.0.19041.1889)
OS uptime: 1 days 15:16 hours

CPU:total 8 (initial active 8) (4 cores per cpu, 2 threads per core) family 6 model 158 stepping 10 microcode 0xb4, cmov, cx8, fxsr, mmx, sse, sse2, sse3, ssse3, sse4.1, sse4.2, popcnt, avx, avx2, aes, clmul, erms, 3dnowpref, lzcnt, ht, tsc, tscinvbit, bmi1, bmi2, adx, fma

Memory: 4k page, system-wide physical 8034M (1396M free)
TotalPageFile size 14279M (AvailPageFile size 3747M)
current process WorkingSet (physical memory assigned to process): 546M, peak: 607M
current process commit charge ("private bytes"): 588M, peak: 645M

vm_info: OpenJDK 64-Bit Server VM (11.0.12+7-b1504.28-7817840) for windows-amd64 JRE (11.0.12+7-b1504.28-7817840), built on Oct 13 2021 22:12:33 by "builder" with MS VC++ 14.0 (VS2015)

END.
